2024-09-26 18:53:48,177 [INFO] Activator:177 - 


2024-09-26 18:53:48,178 [INFO] Activator:178 - !SESSION log4j initialized
2024-09-26 18:53:57,563 [INFO] McuFinderGlobals:39 - Set McuFinder mode to 2 (CubeIDE integrated)
2024-09-26 18:53:58,091 [INFO] ApplicationProperties:181 - Using Application install path: C:\ST\STM32CubeIDE_1.7.0\STM32CubeIDE\plugins\com.st.stm32cube.common.mx_6.3.0.202107141111
2024-09-26 18:53:58,104 [INFO] DbMcusXml:74 - Set database path to: C:\ST\STM32CubeIDE_1.7.0\STM32CubeIDE\plugins\com.st.stm32cube.common.mx_6.3.0.202107141111\\db\/mcu/
2024-09-26 18:53:58,108 [INFO] DbBoardsPdsc:56 - Set plugin database path to: C:\ST\STM32CubeIDE_1.7.0\STM32CubeIDE\plugins\com.st.stm32cube.common.mx_6.3.0.202107141111\\db\/plugins/boardmanager/
2024-09-26 18:53:58,109 [INFO] DbMcus:258 - Set plugin images path to: C:\ST\STM32CubeIDE_1.7.0\STM32CubeIDE\plugins\com.st.stm32cube.common.mx_6.3.0.202107141111\\db\/plugins/mcufinder/images/
2024-09-26 18:53:58,109 [INFO] DbBoards:264 - Set plugin images path to: C:\ST\STM32CubeIDE_1.7.0\STM32CubeIDE\plugins\com.st.stm32cube.common.mx_6.3.0.202107141111\\db\/plugins/mcufinder/images/
2024-09-26 18:53:58,112 [INFO] DbExamples:333 - Set plugin images path to: C:\ST\STM32CubeIDE_1.7.0\STM32CubeIDE\plugins\com.st.stm32cube.common.mx_6.3.0.202107141111\\db\/plugins/mcufinder/images/
2024-09-26 18:53:58,122 [INFO] DbMcusAds:119 - Set database path to: C:\Users\Welcome\.stmcufinder\plugins\mcufinder//mcu/
2024-09-26 18:53:58,123 [INFO] DbMcusDocs:110 - Set database path to: C:\Users\Welcome\.stmcufinder\plugins\mcufinder//mcu/
2024-09-26 18:53:58,124 [INFO] DbMcusJson:64 - Set database path to: C:\Users\Welcome\.stmcufinder\plugins\mcufinder//mcu/
2024-09-26 18:53:58,125 [INFO] DbBoardsDocs:110 - Set database path to: C:\Users\Welcome\.stmcufinder\plugins\mcufinder//mcu/
2024-09-26 18:53:58,126 [INFO] DbBoardsJson:57 - Set database path to: C:\Users\Welcome\.stmcufinder\plugins\mcufinder//mcu/
2024-09-26 18:53:58,785 [INFO] CrossReferenceDbSqlite:196 - Set database path to: C:\Users\Welcome\.stmcufinder\plugins\mcufinder//mcu/cs/
2024-09-26 18:53:58,790 [INFO] DbExamplesSqlite:767 - Set database path to: C:\Users\Welcome\.stmcufinder\plugins\mcufinder//mcu/
2024-09-26 18:53:58,911 [INFO] RulesReader:57 - Compatibility file has been processed (242 Rules)
2024-09-26 18:53:58,986 [INFO] DbMcusXml:74 - Set database path to: C:\ST\STM32CubeIDE_1.7.0\STM32CubeIDE\plugins\com.st.stm32cube.common.mx_6.3.0.202107141111\\db\/mcu/
2024-09-26 18:53:58,987 [INFO] DbBoardsPdsc:56 - Set plugin database path to: C:\ST\STM32CubeIDE_1.7.0\STM32CubeIDE\plugins\com.st.stm32cube.common.mx_6.3.0.202107141111\\db\/plugins/boardmanager/
2024-09-26 18:53:58,987 [INFO] DbMcus:258 - Set plugin images path to: C:\ST\STM32CubeIDE_1.7.0\STM32CubeIDE\plugins\com.st.stm32cube.common.mx_6.3.0.202107141111\\db\/plugins/mcufinder/images/
2024-09-26 18:53:58,987 [INFO] DbBoards:264 - Set plugin images path to: C:\ST\STM32CubeIDE_1.7.0\STM32CubeIDE\plugins\com.st.stm32cube.common.mx_6.3.0.202107141111\\db\/plugins/mcufinder/images/
2024-09-26 18:53:58,987 [INFO] DbExamples:333 - Set plugin images path to: C:\ST\STM32CubeIDE_1.7.0\STM32CubeIDE\plugins\com.st.stm32cube.common.mx_6.3.0.202107141111\\db\/plugins/mcufinder/images/
2024-09-26 18:53:58,987 [WARN] DbFile:35 - Overriding database path with different value: C:\Users\Welcome\.stmcufinder\plugins\mcufinder/ => C:\Users\Welcome\.stmcufinder\plugins\mcufinder
2024-09-26 18:53:58,987 [INFO] DbMcusAds:119 - Set database path to: C:\Users\Welcome\.stmcufinder\plugins\mcufinder//mcu/
2024-09-26 18:53:58,987 [WARN] DbFile:35 - Overriding database path with different value: C:\Users\Welcome\.stmcufinder\plugins\mcufinder/ => C:\Users\Welcome\.stmcufinder\plugins\mcufinder
2024-09-26 18:53:58,987 [INFO] DbMcusDocs:110 - Set database path to: C:\Users\Welcome\.stmcufinder\plugins\mcufinder//mcu/
2024-09-26 18:53:58,988 [WARN] DbFile:35 - Overriding database path with different value: C:\Users\Welcome\.stmcufinder\plugins\mcufinder/ => C:\Users\Welcome\.stmcufinder\plugins\mcufinder
2024-09-26 18:53:58,988 [INFO] DbMcusJson:64 - Set database path to: C:\Users\Welcome\.stmcufinder\plugins\mcufinder//mcu/
2024-09-26 18:53:58,988 [WARN] DbFile:35 - Overriding database path with different value: C:\Users\Welcome\.stmcufinder\plugins\mcufinder/ => C:\Users\Welcome\.stmcufinder\plugins\mcufinder
2024-09-26 18:53:58,988 [INFO] DbBoardsDocs:110 - Set database path to: C:\Users\Welcome\.stmcufinder\plugins\mcufinder//mcu/
2024-09-26 18:53:58,988 [WARN] DbFile:35 - Overriding database path with different value: C:\Users\Welcome\.stmcufinder\plugins\mcufinder/ => C:\Users\Welcome\.stmcufinder\plugins\mcufinder
2024-09-26 18:53:58,988 [INFO] DbBoardsJson:57 - Set database path to: C:\Users\Welcome\.stmcufinder\plugins\mcufinder//mcu/
2024-09-26 18:53:58,988 [WARN] DbFile:35 - Overriding database path with different value: C:\Users\Welcome\.stmcufinder\plugins\mcufinder/ => C:\Users\Welcome\.stmcufinder\plugins\mcufinder
2024-09-26 18:53:58,988 [WARN] DbFile:35 - Overriding database path with different value: C:\Users\Welcome\.stmcufinder\plugins\mcufinder/ => C:\Users\Welcome\.stmcufinder\plugins\mcufinder
2024-09-26 18:53:59,779 [INFO] CrossReferenceDbSqlite:196 - Set database path to: C:\Users\Welcome\.stmcufinder\plugins\mcufinder//mcu/cs/
2024-09-26 18:53:59,779 [WARN] DbFile:35 - Overriding database path with different value: C:\Users\Welcome\.stmcufinder\plugins\mcufinder/ => C:\Users\Welcome\.stmcufinder\plugins\mcufinder
2024-09-26 18:53:59,779 [INFO] DbExamplesSqlite:767 - Set database path to: C:\Users\Welcome\.stmcufinder\plugins\mcufinder//mcu/
2024-09-26 18:53:59,852 [INFO] MainPanel:214 - HeapMemory: 268435456
2024-09-26 18:53:59,944 [INFO] DbMcusXml:74 - Set database path to: C:\ST\STM32CubeIDE_1.7.0\STM32CubeIDE\plugins\com.st.stm32cube.common.mx_6.3.0.202107141111\\db\/mcu/
2024-09-26 18:53:59,944 [INFO] DbBoardsPdsc:56 - Set plugin database path to: C:\ST\STM32CubeIDE_1.7.0\STM32CubeIDE\plugins\com.st.stm32cube.common.mx_6.3.0.202107141111\\db\/plugins/boardmanager/
2024-09-26 18:53:59,944 [INFO] DbMcus:258 - Set plugin images path to: C:\ST\STM32CubeIDE_1.7.0\STM32CubeIDE\plugins\com.st.stm32cube.common.mx_6.3.0.202107141111\\db\/plugins/mcufinder/images/
2024-09-26 18:53:59,944 [INFO] DbBoards:264 - Set plugin images path to: C:\ST\STM32CubeIDE_1.7.0\STM32CubeIDE\plugins\com.st.stm32cube.common.mx_6.3.0.202107141111\\db\/plugins/mcufinder/images/
2024-09-26 18:53:59,944 [INFO] DbExamples:333 - Set plugin images path to: C:\ST\STM32CubeIDE_1.7.0\STM32CubeIDE\plugins\com.st.stm32cube.common.mx_6.3.0.202107141111\\db\/plugins/mcufinder/images/
2024-09-26 18:53:59,945 [WARN] DbFile:35 - Overriding database path with different value: C:\Users\Welcome\.stmcufinder\plugins\mcufinder/ => C:\Users\Welcome\.stmcufinder\plugins\mcufinder
2024-09-26 18:53:59,945 [INFO] DbMcusAds:119 - Set database path to: C:\Users\Welcome\.stmcufinder\plugins\mcufinder//mcu/
2024-09-26 18:53:59,945 [WARN] DbFile:35 - Overriding database path with different value: C:\Users\Welcome\.stmcufinder\plugins\mcufinder/ => C:\Users\Welcome\.stmcufinder\plugins\mcufinder
2024-09-26 18:53:59,945 [INFO] DbMcusDocs:110 - Set database path to: C:\Users\Welcome\.stmcufinder\plugins\mcufinder//mcu/
2024-09-26 18:53:59,945 [WARN] DbFile:35 - Overriding database path with different value: C:\Users\Welcome\.stmcufinder\plugins\mcufinder/ => C:\Users\Welcome\.stmcufinder\plugins\mcufinder
2024-09-26 18:53:59,945 [INFO] DbMcusJson:64 - Set database path to: C:\Users\Welcome\.stmcufinder\plugins\mcufinder//mcu/
2024-09-26 18:53:59,945 [WARN] DbFile:35 - Overriding database path with different value: C:\Users\Welcome\.stmcufinder\plugins\mcufinder/ => C:\Users\Welcome\.stmcufinder\plugins\mcufinder
2024-09-26 18:53:59,945 [INFO] DbBoardsDocs:110 - Set database path to: C:\Users\Welcome\.stmcufinder\plugins\mcufinder//mcu/
2024-09-26 18:53:59,945 [WARN] DbFile:35 - Overriding database path with different value: C:\Users\Welcome\.stmcufinder\plugins\mcufinder/ => C:\Users\Welcome\.stmcufinder\plugins\mcufinder
2024-09-26 18:53:59,946 [INFO] DbBoardsJson:57 - Set database path to: C:\Users\Welcome\.stmcufinder\plugins\mcufinder//mcu/
2024-09-26 18:53:59,946 [WARN] DbFile:35 - Overriding database path with different value: C:\Users\Welcome\.stmcufinder\plugins\mcufinder/ => C:\Users\Welcome\.stmcufinder\plugins\mcufinder
2024-09-26 18:53:59,946 [WARN] DbFile:35 - Overriding database path with different value: C:\Users\Welcome\.stmcufinder\plugins\mcufinder/ => C:\Users\Welcome\.stmcufinder\plugins\mcufinder
2024-09-26 18:54:00,789 [INFO] CrossReferenceDbSqlite:196 - Set database path to: C:\Users\Welcome\.stmcufinder\plugins\mcufinder//mcu/cs/
2024-09-26 18:54:00,789 [WARN] DbFile:35 - Overriding database path with different value: C:\Users\Welcome\.stmcufinder\plugins\mcufinder/ => C:\Users\Welcome\.stmcufinder\plugins\mcufinder
2024-09-26 18:54:00,789 [INFO] DbExamplesSqlite:767 - Set database path to: C:\Users\Welcome\.stmcufinder\plugins\mcufinder//mcu/
2024-09-26 18:54:00,811 [INFO] ApplicationProperties:181 - Using Application install path: C:\ST\STM32CubeIDE_1.7.0\STM32CubeIDE\plugins\com.st.stm32cube.common.mx_6.3.0.202107141111
2024-09-26 18:54:00,813 [INFO] PluginManage:188 - Search for loadable plugins [exclusion list=, ]
2024-09-26 18:54:00,815 [INFO] PluginManage:302 - Check plugin analytics
2024-09-26 18:54:01,837 [INFO] AnalyticsPlugin:257 - Accepted Software Licenses: 
2024-09-26 18:54:01,837 [INFO] AnalyticsPlugin:259 - Accepted CMSIS Pack Licenses: 
2024-09-26 18:54:01,838 [INFO] AnalyticsPlugin:261 - Accepted Firmware Licenses: 
2024-09-26 18:54:01,838 [INFO] PluginManage:352 - Loaded plugin analytics (category:tool,tabindex:-1)
2024-09-26 18:54:01,838 [INFO] PluginManage:302 - Check plugin clock
2024-09-26 18:54:01,864 [INFO] PluginManage:352 - Loaded plugin clock (category:base,tabindex:2)
2024-09-26 18:54:01,864 [INFO] PluginManage:302 - Check plugin ddr
2024-09-26 18:54:01,867 [INFO] PluginManage:352 - Loaded plugin ddr (category:tool,tabindex:6)
2024-09-26 18:54:01,867 [INFO] PluginManage:302 - Check plugin filemanager
2024-09-26 18:54:01,998 [INFO] PluginManage:352 - Loaded plugin filemanager (category:base,tabindex:10)
2024-09-26 18:54:01,998 [INFO] PluginManage:302 - Check plugin ipmanager
2024-09-26 18:54:02,006 [INFO] PluginManage:352 - Loaded plugin ipmanager (category:base,tabindex:5)
2024-09-26 18:54:02,007 [INFO] PluginManage:302 - Check plugin pinoutandconfiguration
2024-09-26 18:54:02,023 [INFO] PluginManage:352 - Loaded plugin pinoutandconfiguration (category:base,tabindex:1)
2024-09-26 18:54:02,023 [INFO] PluginManage:302 - Check plugin pinoutconfig
2024-09-26 18:54:02,064 [INFO] PluginManage:352 - Loaded plugin pinoutconfig (category:base,tabindex:0)
2024-09-26 18:54:02,065 [INFO] PluginManage:302 - Check plugin power
2024-09-26 18:54:02,085 [INFO] PluginManage:352 - Loaded plugin power (category:power,tabindex:4)
2024-09-26 18:54:02,086 [INFO] PluginManage:302 - Check plugin projectmanager
2024-09-26 18:54:02,100 [INFO] PluginManage:352 - Loaded plugin projectmanager (category:projectmanager,tabindex:3)
2024-09-26 18:54:02,100 [INFO] PluginManage:302 - Check plugin thirdparty
2024-09-26 18:54:02,370 [WARN] IntegrityCheckThread:78 - waiting for thirdparty lock release [integrity check]
2024-09-26 18:54:02,371 [INFO] IntegrityCheckThread:80 - entering critical section [integrity check]
2024-09-26 18:54:02,370 [INFO] PluginManage:352 - Loaded plugin thirdparty (category:base,tabindex:-1)
2024-09-26 18:54:02,371 [INFO] PluginManage:302 - Check plugin tools
2024-09-26 18:54:02,371 [INFO] ThirdPartyUpdaterWithRetryManager:66 - Updater plugin not ready yet. [1/15]
2024-09-26 18:54:02,465 [INFO] PluginManage:352 - Loaded plugin tools (category:base,tabindex:7)
2024-09-26 18:54:02,465 [INFO] PluginManage:302 - Check plugin tutovideos
2024-09-26 18:54:02,703 [INFO] PluginManage:352 - Loaded plugin tutovideos (category:base,tabindex:-1)
2024-09-26 18:54:02,703 [INFO] PluginManage:302 - Check plugin updater
2024-09-26 18:54:02,717 [INFO] PluginManage:352 - Loaded plugin updater (category:base,tabindex:12)
2024-09-26 18:54:02,718 [INFO] PluginManage:275 - PluginManage : Loaded plugins [13]
2024-09-26 18:54:02,991 [INFO] PinOutPanel:1463 - setPackage(No Configuration,No Configuration)
2024-09-26 18:54:03,096 [INFO] IPUIPlugin:74 - create IPUIPlugin
2024-09-26 18:54:03,097 [INFO] PluginManager:213 - loadIPPluginJar : add adc
2024-09-26 18:54:03,166 [INFO] IPUIPlugin:74 - create IPUIPlugin
2024-09-26 18:54:03,167 [INFO] PluginManager:213 - loadIPPluginJar : add aes
2024-09-26 18:54:03,235 [INFO] IPUIPlugin:74 - create IPUIPlugin
2024-09-26 18:54:03,235 [INFO] PluginManager:213 - loadIPPluginJar : add can
2024-09-26 18:54:03,275 [INFO] IPUIPlugin:74 - create IPUIPlugin
2024-09-26 18:54:03,275 [INFO] PluginManager:213 - loadIPPluginJar : add comp
2024-09-26 18:54:03,344 [INFO] IPUIPlugin:74 - create IPUIPlugin
2024-09-26 18:54:03,344 [INFO] PluginManager:213 - loadIPPluginJar : add cryp
2024-09-26 18:54:03,403 [INFO] IPUIPlugin:74 - create IPUIPlugin
2024-09-26 18:54:03,403 [INFO] PluginManager:213 - loadIPPluginJar : add dfsdm
2024-09-26 18:54:03,420 [INFO] IPUIPlugin:74 - create IPUIPlugin
2024-09-26 18:54:03,422 [INFO] PluginManager:213 - loadIPPluginJar : add dma
2024-09-26 18:54:03,495 [INFO] IPUIPlugin:74 - create IPUIPlugin
2024-09-26 18:54:03,495 [INFO] PluginManager:213 - loadIPPluginJar : add dma3
2024-09-26 18:54:03,535 [INFO] IPUIPlugin:74 - create IPUIPlugin
2024-09-26 18:54:03,535 [INFO] PluginManager:213 - loadIPPluginJar : add fatfs
2024-09-26 18:54:03,614 [INFO] IPUIPlugin:74 - create IPUIPlugin
2024-09-26 18:54:03,615 [INFO] PluginManager:213 - loadIPPluginJar : add fmc
2024-09-26 18:54:03,634 [INFO] IPUIPlugin:74 - create IPUIPlugin
2024-09-26 18:54:03,634 [INFO] PluginManager:213 - loadIPPluginJar : add freertos
2024-09-26 18:54:03,679 [INFO] IPUIPlugin:74 - create IPUIPlugin
2024-09-26 18:54:03,679 [INFO] PluginManager:213 - loadIPPluginJar : add genericplugin
2024-09-26 18:54:03,839 [INFO] IPUIPlugin:74 - create IPUIPlugin
2024-09-26 18:54:03,840 [INFO] PluginManager:213 - loadIPPluginJar : add gfxmmu
2024-09-26 18:54:04,064 [INFO] IPUIPlugin:74 - create IPUIPlugin
2024-09-26 18:54:04,064 [INFO] PluginManager:213 - loadIPPluginJar : add gic
2024-09-26 18:54:04,079 [INFO] IPUIPlugin:74 - create IPUIPlugin
2024-09-26 18:54:04,079 [INFO] PluginManager:213 - loadIPPluginJar : add gpio
2024-09-26 18:54:04,218 [INFO] IPUIPlugin:74 - create IPUIPlugin
2024-09-26 18:54:04,219 [INFO] PluginManager:213 - loadIPPluginJar : add gtzc
2024-09-26 18:54:04,273 [INFO] IPUIPlugin:74 - create IPUIPlugin
2024-09-26 18:54:04,273 [INFO] PluginManager:213 - loadIPPluginJar : add hash
2024-09-26 18:54:04,362 [INFO] IPUIPlugin:74 - create IPUIPlugin
2024-09-26 18:54:04,362 [INFO] PluginManager:213 - loadIPPluginJar : add i2c
2024-09-26 18:54:04,433 [INFO] IPUIPlugin:74 - create IPUIPlugin
2024-09-26 18:54:04,433 [INFO] PluginManager:213 - loadIPPluginJar : add i2s
2024-09-26 18:54:04,448 [INFO] IPUIPlugin:74 - create IPUIPlugin
2024-09-26 18:54:04,448 [INFO] PluginManager:213 - loadIPPluginJar : add ipddr
2024-09-26 18:54:04,587 [INFO] IPUIPlugin:74 - create IPUIPlugin
2024-09-26 18:54:04,587 [INFO] PluginManager:213 - loadIPPluginJar : add linkedlist
2024-09-26 18:54:04,652 [INFO] IPUIPlugin:74 - create IPUIPlugin
2024-09-26 18:54:04,653 [INFO] PluginManager:213 - loadIPPluginJar : add lorawan
2024-09-26 18:54:04,716 [INFO] IPUIPlugin:74 - create IPUIPlugin
2024-09-26 18:54:04,716 [INFO] PluginManager:213 - loadIPPluginJar : add ltdc
2024-09-26 18:54:04,730 [INFO] IPUIPlugin:74 - create IPUIPlugin
2024-09-26 18:54:04,731 [INFO] PluginManager:213 - loadIPPluginJar : add mdma
2024-09-26 18:54:04,745 [INFO] IPUIPlugin:74 - create IPUIPlugin
2024-09-26 18:54:04,745 [INFO] PluginManager:213 - loadIPPluginJar : add nvic
2024-09-26 18:54:04,804 [INFO] IPUIPlugin:74 - create IPUIPlugin
2024-09-26 18:54:04,805 [INFO] PluginManager:213 - loadIPPluginJar : add opamp
2024-09-26 18:54:04,996 [INFO] IPUIPlugin:74 - create IPUIPlugin
2024-09-26 18:54:04,997 [INFO] PluginManager:213 - loadIPPluginJar : add openamp
2024-09-26 18:54:05,068 [INFO] IPUIPlugin:74 - create IPUIPlugin
2024-09-26 18:54:05,068 [INFO] PluginManager:213 - loadIPPluginJar : add pdm2pcm
2024-09-26 18:54:05,085 [INFO] IPUIPlugin:74 - create IPUIPlugin
2024-09-26 18:54:05,088 [INFO] PluginManager:213 - loadIPPluginJar : add plateformsettings
2024-09-26 18:54:05,143 [INFO] IPUIPlugin:74 - create IPUIPlugin
2024-09-26 18:54:05,143 [INFO] PluginManager:213 - loadIPPluginJar : add quadspi
2024-09-26 18:54:05,160 [INFO] IPUIPlugin:74 - create IPUIPlugin
2024-09-26 18:54:05,160 [INFO] PluginManager:213 - loadIPPluginJar : add resmgrutility
2024-09-26 18:54:05,246 [INFO] IPUIPlugin:74 - create IPUIPlugin
2024-09-26 18:54:05,246 [INFO] PluginManager:213 - loadIPPluginJar : add sai
2024-09-26 18:54:05,303 [INFO] IPUIPlugin:74 - create IPUIPlugin
2024-09-26 18:54:05,304 [INFO] PluginManager:213 - loadIPPluginJar : add spi
2024-09-26 18:54:05,379 [INFO] ThirdPartyUpdaterWithRetryManager:66 - Updater plugin not ready yet. [2/15]
2024-09-26 18:54:05,385 [INFO] IPUIPlugin:74 - create IPUIPlugin
2024-09-26 18:54:05,385 [INFO] PluginManager:213 - loadIPPluginJar : add stm32_wpan
2024-09-26 18:54:05,425 [INFO] IPUIPlugin:74 - create IPUIPlugin
2024-09-26 18:54:05,425 [INFO] PluginManager:213 - loadIPPluginJar : add tim
2024-09-26 18:54:05,538 [INFO] IPUIPlugin:74 - create IPUIPlugin
2024-09-26 18:54:05,538 [INFO] PluginManager:213 - loadIPPluginJar : add touchsensing
2024-09-26 18:54:05,581 [INFO] IPUIPlugin:74 - create IPUIPlugin
2024-09-26 18:54:05,581 [INFO] PluginManager:213 - loadIPPluginJar : add tracer_emb
2024-09-26 18:54:05,633 [INFO] IPUIPlugin:74 - create IPUIPlugin
2024-09-26 18:54:05,633 [INFO] PluginManager:213 - loadIPPluginJar : add ts
2024-09-26 18:54:05,683 [INFO] IPUIPlugin:74 - create IPUIPlugin
2024-09-26 18:54:05,683 [INFO] PluginManager:213 - loadIPPluginJar : add tsc
2024-09-26 18:54:05,728 [INFO] IPUIPlugin:74 - create IPUIPlugin
2024-09-26 18:54:05,729 [INFO] PluginManager:213 - loadIPPluginJar : add ucpd
2024-09-26 18:54:05,806 [INFO] IPUIPlugin:74 - create IPUIPlugin
2024-09-26 18:54:05,806 [INFO] PluginManager:213 - loadIPPluginJar : add usart
2024-09-26 18:54:05,882 [INFO] IPUIPlugin:74 - create IPUIPlugin
2024-09-26 18:54:05,882 [INFO] PluginManager:213 - loadIPPluginJar : add usbx
2024-09-26 18:54:06,174 [FATAL] Updater:294 - Updater called before beeing initialized
2024-09-26 18:54:06,291 [FATAL] Updater:294 - Updater called before beeing initialized
2024-09-26 18:54:06,304 [INFO] DbMcusAds:47 - JSON generation date=Mon Sep 16 21:40:22 ICT 2024 (1726497622318)
2024-09-26 18:54:06,304 [FATAL] Updater:294 - Updater called before beeing initialized
2024-09-26 18:54:06,385 [WARN] DetailPanel:314 - Failed to get advertising image, set to default
2024-09-26 18:54:06,477 [FATAL] Updater:294 - Updater called before beeing initialized
2024-09-26 18:54:06,480 [FATAL] Updater:294 - Updater called before beeing initialized
2024-09-26 18:54:06,480 [FATAL] Updater:294 - Updater called before beeing initialized
2024-09-26 18:54:06,480 [WARN] DetailPanel:314 - Failed to get advertising image, set to default
2024-09-26 18:54:06,481 [FATAL] Updater:294 - Updater called before beeing initialized
2024-09-26 18:54:06,547 [ERROR] Updater:1075 - MainUpdater not yet initialized. External WinMGr cannot be set.
2024-09-26 18:54:06,561 [INFO] Updater:1012 - Updater Version found : 6.3.0
2024-09-26 18:54:06,586 [INFO] ApplicationProperties:181 - Using Application install path: C:\ST\STM32CubeIDE_1.7.0\STM32CubeIDE\plugins\com.st.stm32cube.common.mx_6.3.0.202107141111
2024-09-26 18:54:07,723 [INFO] MainUpdater:2671 - connection check result : 10
2024-09-26 18:54:07,725 [INFO] MainUpdater:265 - Updater Check For Update Now.
2024-09-26 18:54:07,725 [INFO] MicroXplorer:478 - Change Database Version : DB.6.0.30
2024-09-26 18:54:07,928 [INFO] CheckServerUpdateThread:112 - End of CheckServer Thread
2024-09-26 18:54:07,987 [INFO] MainUpdater:2671 - connection check result : 10
2024-09-26 18:54:08,024 [INFO] McuFinderGlobals:52 - Set McuFinderConnectedMode to true
2024-09-26 18:54:08,254 [INFO] ServerAccessManage:362 - Download File mcusAds.json._tmp_
2024-09-26 18:54:08,381 [INFO] LoadUrlFilesThread:145 - End of LoadUrlFiles Thread
2024-09-26 18:54:08,390 [WARN] MainUpdater:1122 - Updater busy. Cannot search thirdparties
2024-09-26 18:54:08,391 [INFO] ThirdPartyUpdaterWithRetryManager:92 - Updater plugin is busy. [1/15]
2024-09-26 18:54:09,423 [INFO] ServerAccessManage:362 - Download File mcusDocs.json._tmp_
2024-09-26 18:54:10,260 [INFO] LoadUrlFilesThread:145 - End of LoadUrlFiles Thread
2024-09-26 18:54:10,657 [INFO] ServerAccessManage:362 - Download File mcusFeaturesAndDescription.json._tmp_
2024-09-26 18:54:11,392 [WARN] MainUpdater:1122 - Updater busy. Cannot search thirdparties
2024-09-26 18:54:11,393 [INFO] ThirdPartyUpdaterWithRetryManager:92 - Updater plugin is busy. [2/15]
2024-09-26 18:54:12,218 [INFO] LoadUrlFilesThread:145 - End of LoadUrlFiles Thread
2024-09-26 18:54:12,698 [INFO] ServerAccessManage:362 - Download File boardsDocs.json._tmp_
2024-09-26 18:54:12,827 [INFO] LoadUrlFilesThread:145 - End of LoadUrlFiles Thread
2024-09-26 18:54:13,214 [INFO] ServerAccessManage:362 - Download File boards.json._tmp_
2024-09-26 18:54:13,527 [INFO] LoadUrlFilesThread:145 - End of LoadUrlFiles Thread
2024-09-26 18:54:13,696 [INFO] ServerAccessManage:362 - Download File cube-finder-db.zip
2024-09-26 18:54:14,401 [WARN] MainUpdater:1122 - Updater busy. Cannot search thirdparties
2024-09-26 18:54:14,401 [INFO] ThirdPartyUpdaterWithRetryManager:92 - Updater plugin is busy. [3/15]
2024-09-26 18:54:17,414 [WARN] MainUpdater:1122 - Updater busy. Cannot search thirdparties
2024-09-26 18:54:17,419 [INFO] ThirdPartyUpdaterWithRetryManager:92 - Updater plugin is busy. [4/15]
2024-09-26 18:54:17,875 [INFO] FileExtend:235 - Unzip File : cube-finder-db.zip
2024-09-26 18:54:17,875 [INFO] FileExtend:250 - Standard Zip Deflate
2024-09-26 18:54:19,616 [INFO] LoadUrlFilesThread:145 - End of LoadUrlFiles Thread
2024-09-26 18:54:20,880 [ERROR] Engine:463 - C:\Users\Welcome\.stm32cubemx\thirdparties\pdsc\STMicroelectronics.FP-SNS-MOTENVWB1.1.4.0.pdsc: PDSC version is not supported
2024-09-26 18:54:20,899 [ERROR] Engine:463 - C:\Users\Welcome\.stm32cubemx\thirdparties\pdsc\STMicroelectronics.X-CUBE-SMBUS.2.1.0.pdsc: PDSC version is not supported
2024-09-26 18:54:21,049 [WARN] PackLoader:238 - Cannot read IP mode file for STMicroelectronics.X-CUBE-AZRTOS-F7.1.1.0
2024-09-26 18:54:21,206 [WARN] PackLoader:238 - Cannot read IP mode file for STMicroelectronics.X-CUBE-MEMS1.11.0.0
2024-09-26 18:54:21,686 [ERROR] Engine:463 - C:\Users\Welcome\.stm32cubemx\thirdparties\pdsc\STMicroelectronics.FP-SNS-FLIGHT1.5.0.2.pdsc: PDSC version is not supported
2024-09-26 18:54:21,704 [ERROR] Engine:463 - C:\Users\Welcome\.stm32cubemx\thirdparties\pdsc\STMicroelectronics.X-CUBE-DISPLAY.3.0.0.pdsc: PDSC version is not supported
2024-09-26 18:54:21,743 [WARN] PackLoader:238 - Cannot read IP mode file for STMicroelectronics.X-CUBE-BLE1.7.0.0
2024-09-26 18:54:21,759 [ERROR] Engine:463 - C:\Users\Welcome\.stm32cubemx\thirdparties\pdsc\emotas.I-CUBE-CANOPEN.1.3.0.pdsc: PDSC version is not supported
2024-09-26 18:54:21,775 [ERROR] Engine:463 - C:\Users\Welcome\.stm32cubemx\thirdparties\pdsc\STMicroelectronics.X-CUBE-BLEMGR.3.1.0.pdsc: PDSC version is not supported
2024-09-26 18:54:21,803 [ERROR] Engine:463 - C:\Users\Welcome\.stm32cubemx\thirdparties\pdsc\STMicroelectronics.FP-SNS-SMARTAG2.1.2.0.pdsc: PDSC version is not supported
2024-09-26 18:54:21,865 [INFO] LogOutputStream:76 - [STDOUT_REDIRECT] 1 : Invalid condition id : UX_CORESTACK_Condition cause : null
2024-09-26 18:54:21,868 [INFO] LogOutputStream:76 - [STDOUT_REDIRECT] 1 : Invalid condition id : UX_CORESTACK_Condition cause : null
2024-09-26 18:54:21,869 [INFO] LogOutputStream:76 - [STDOUT_REDIRECT] 1 : Invalid condition id : UX_CORESTACK_Condition cause : null
2024-09-26 18:54:21,871 [INFO] LogOutputStream:76 - [STDOUT_REDIRECT] 1 : Invalid condition id : UX_CORESTACK_Condition cause : null
2024-09-26 18:54:21,872 [INFO] LogOutputStream:76 - [STDOUT_REDIRECT] 1 : Invalid condition id : UX_CORESTACK_Condition cause : null
2024-09-26 18:54:21,876 [WARN] PackLoader:238 - Cannot read IP mode file for STMicroelectronics.X-CUBE-AZRTOS-WL.2.0.0
2024-09-26 18:54:21,900 [ERROR] Engine:463 - C:\Users\Welcome\.stm32cubemx\thirdparties\pdsc\STMicroelectronics.FP-SNS-MOTENV1.5.0.0.pdsc: PDSC version is not supported
2024-09-26 18:54:21,924 [WARN] PackLoader:238 - Cannot read IP mode file for wolfSSL.I-CUBE-wolfMQTT.1.19.0
2024-09-26 18:54:21,954 [WARN] PackLoader:238 - Cannot read IP mode file for WES.I-CUBE-Cesium.1.3.0
2024-09-26 18:54:21,983 [WARN] PackLoader:238 - Cannot read IP mode file for STMicroelectronics.X-CUBE-BLE2.3.3.0
2024-09-26 18:54:22,003 [ERROR] Engine:463 - C:\Users\Welcome\.stm32cubemx\thirdparties\pdsc\STMicroelectronics.X-CUBE-TCPP.4.1.0.pdsc: PDSC version is not supported
2024-09-26 18:54:22,065 [WARN] PackLoader:238 - Cannot read IP mode file for STMicroelectronics.X-CUBE-AZRTOS-G0.1.1.0
2024-09-26 18:54:22,118 [WARN] PackLoader:238 - Cannot read IP mode file for STMicroelectronics.X-CUBE-SAFEA1.1.2.2
2024-09-26 18:54:22,149 [WARN] PackLoader:238 - Cannot read IP mode file for STMicroelectronics.X-CUBE-NFC4.3.0.0
2024-09-26 18:54:22,180 [ERROR] Engine:463 - C:\Users\Welcome\.stm32cubemx\thirdparties\pdsc\EmbeddedOffice.I-CUBE-FS-RTOS.1.0.1.pdsc: PDSC version is not supported
2024-09-26 18:54:22,202 [ERROR] Engine:463 - C:\Users\Welcome\.stm32cubemx\thirdparties\pdsc\RealThread.X-CUBE-RT-Thread_Nano.4.1.1.pdsc: PDSC version is not supported
2024-09-26 18:54:22,222 [WARN] PackLoader:238 - Cannot read IP mode file for STMicroelectronics.FP-ATR-SIGFOX1.3.2.0
2024-09-26 18:54:22,249 [WARN] PackLoader:238 - Cannot read IP mode file for wolfSSL.I-CUBE-wolfSSL.5.7.2
2024-09-26 18:54:22,275 [WARN] PackLoader:238 - Cannot read IP mode file for STMicroelectronics.X-CUBE-EEPRMA1.5.1.0
2024-09-26 18:54:22,302 [ERROR] Engine:463 - C:\Users\Welcome\.stm32cubemx\thirdparties\pdsc\ITTIA_DB.I-CUBE-ITTIADB.8.9.0.pdsc: PDSC version is not supported
2024-09-26 18:54:22,372 [WARN] PackLoader:238 - Cannot read IP mode file for SEGGER.I-CUBE-embOS.1.3.1
2024-09-26 18:54:22,416 [INFO] ServerAccessManage:362 - Download File crdb.zip
2024-09-26 18:54:22,473 [WARN] PackLoader:238 - Cannot read IP mode file for STMicroelectronics.X-CUBE-ALGOBUILD.1.4.0
2024-09-26 18:54:22,502 [WARN] PackLoader:238 - Cannot read IP mode file for STMicroelectronics.X-CUBE-GNSS1.6.0.0
2024-09-26 18:54:22,570 [WARN] PackLoader:238 - Cannot read IP mode file for STMicroelectronics.X-CUBE-AZRTOS-F4.1.1.0
2024-09-26 18:54:22,603 [ERROR] Engine:463 - C:\Users\Welcome\.stm32cubemx\thirdparties\pdsc\STMicroelectronics.X-CUBE-FREERTOS.1.2.0.pdsc: PDSC version is not supported
2024-09-26 18:54:22,666 [WARN] PackLoader:238 - Cannot read IP mode file for STMicroelectronics.X-CUBE-AZRTOS-L5.2.0.0
2024-09-26 18:54:22,698 [WARN] PackLoader:238 - Cannot read IP mode file for STMicroelectronics.X-CUBE-NFC6.3.1.0
2024-09-26 18:54:22,723 [ERROR] Engine:463 - C:\Users\Welcome\.stm32cubemx\thirdparties\pdsc\STMicroelectronics.X-CUBE-DPower.1.2.0.pdsc: PDSC version is not supported
2024-09-26 18:54:22,743 [WARN] PackLoader:238 - Cannot read IP mode file for STMicroelectronics.X-CUBE-AI.9.0.0
2024-09-26 18:54:22,773 [WARN] PackLoader:238 - Cannot read IP mode file for STMicroelectronics.X-CUBE-NFC7.1.0.1
2024-09-26 18:54:22,851 [WARN] ConditionMgr:437 - getConditionDescription Invalid condition id : LAN8742 Phy interface Condition cause : null
2024-09-26 18:54:22,852 [WARN] PackLoader:238 - Cannot read IP mode file for STMicroelectronics.X-CUBE-AZRTOS-L4.2.0.0
2024-09-26 18:54:22,886 [WARN] ConditionMgr:1038 - genDependencies : Invalid condition id : LAN8742 Phy interface Condition cause : null
2024-09-26 18:54:22,886 [WARN] ConditionMgr:1038 - genDependencies : Invalid condition id : LAN8742 Phy interface Condition cause : null
2024-09-26 18:54:22,887 [WARN] ConditionMgr:1038 - genDependencies : Invalid condition id : LAN8742 Phy interface Condition cause : null
2024-09-26 18:54:22,970 [WARN] PackLoader:238 - Cannot read IP mode file for STMicroelectronics.X-CUBE-SFXS2LP1.4.0.0
2024-09-26 18:54:23,055 [WARN] PackLoader:238 - Cannot read IP mode file for STMicroelectronics.X-CUBE-AZRTOS-H7.3.3.0
2024-09-26 18:54:23,132 [WARN] ConditionMgr:437 - getConditionDescription Invalid condition id : UX DEVICE CLASS RTOS Condition cause : null
2024-09-26 18:54:23,132 [WARN] ConditionMgr:437 - getConditionDescription Invalid condition id : UX DEVICE CLASS RTOS Condition cause : null
2024-09-26 18:54:23,137 [WARN] PackLoader:238 - Cannot read IP mode file for STMicroelectronics.X-CUBE-AZRTOS-WB.2.0.0
2024-09-26 18:54:23,137 [WARN] ConditionMgr:1038 - genDependencies : Invalid condition id : UX DEVICE CLASS RTOS Condition cause : null
2024-09-26 18:54:23,138 [WARN] ConditionMgr:1038 - genDependencies : Invalid condition id : UX DEVICE CLASS RTOS Condition cause : null
2024-09-26 18:54:23,138 [WARN] ConditionMgr:1038 - genDependencies : Invalid condition id : UX DEVICE CLASS RTOS Condition cause : null
2024-09-26 18:54:23,138 [WARN] ConditionMgr:1038 - genDependencies : Invalid condition id : UX DEVICE CLASS RTOS Condition cause : null
2024-09-26 18:54:23,138 [WARN] ConditionMgr:1038 - genDependencies : Invalid condition id : UX DEVICE CLASS RTOS Condition cause : null
2024-09-26 18:54:23,169 [WARN] PackLoader:238 - Cannot read IP mode file for STMicroelectronics.X-CUBE-GNSS1.7.0.0
2024-09-26 18:54:23,202 [ERROR] Engine:463 - C:\Users\Welcome\.stm32cubemx\thirdparties\pdsc\STMicroelectronics.FP-SNS-STBOX1.2.0.0.pdsc: PDSC version is not supported
2024-09-26 18:54:23,240 [WARN] PackLoader:238 - Cannot read IP mode file for STMicroelectronics.X-CUBE-SUBG2.5.0.0
2024-09-26 18:54:23,270 [ERROR] Engine:463 - C:\Users\Welcome\.stm32cubemx\thirdparties\pdsc\Cesanta.I-CUBE-Mongoose.7.13.0.pdsc: PDSC version is not supported
2024-09-26 18:54:23,326 [WARN] PackLoader:238 - Cannot read IP mode file for STMicroelectronics.X-CUBE-AZRTOS-G4.2.0.0
2024-09-26 18:54:23,354 [WARN] PackLoader:238 - Cannot read IP mode file for STMicroelectronics.X-CUBE-ISPU.2.0.0
2024-09-26 18:54:23,379 [ERROR] Engine:463 - C:\Users\Welcome\.stm32cubemx\thirdparties\pdsc\STMicroelectronics.X-CUBE-ALS.1.0.2.pdsc: PDSC version is not supported
2024-09-26 18:54:23,417 [WARN] PackLoader:238 - Cannot read IP mode file for STMicroelectronics.X-CUBE-TOUCHGFX.4.24.0
2024-09-26 18:54:23,439 [WARN] PackLoader:238 - Cannot read IP mode file for STMicroelectronics.X-CUBE-TOUCHGFX.4.24.1
2024-09-26 18:54:23,467 [WARN] PackLoader:238 - Cannot read IP mode file for wolfSSL.I-CUBE-wolfTPM.3.4.0
2024-09-26 18:54:23,492 [WARN] PackLoader:238 - Cannot read IP mode file for portGmbH.I-Cube-SoM-uGOAL.1.1.0
2024-09-26 18:54:23,560 [WARN] PackLoader:238 - Cannot read IP mode file for STMicroelectronics.X-CUBE-AZRTOS-H7RS.1.0.0
2024-09-26 18:54:23,599 [WARN] PackLoader:238 - Cannot read IP mode file for STMicroelectronics.FP-ATR-ASTRA1.2.0.0
2024-09-26 18:54:23,648 [ERROR] Engine:463 - C:\Users\Welcome\.stm32cubemx\thirdparties\pdsc\STMicroelectronics.X-CUBE-TOF1.3.4.2.pdsc: PDSC version is not supported
2024-09-26 18:54:23,789 [ERROR] Engine:463 - C:\Users\Welcome\.stm32cubemx\thirdparties\pdsc\Infineon.AIROC-Wi-Fi-Bluetooth-STM32.1.6.1.pdsc: PDSC version is not supported
2024-09-26 18:54:24,013 [INFO] FileExtend:235 - Unzip File : crdb.zip
2024-09-26 18:54:24,013 [INFO] FileExtend:250 - Standard Zip Deflate
2024-09-26 18:54:24,060 [WARN] PackLoader:238 - Cannot read IP mode file for wolfSSL.I-CUBE-wolfSSH.1.4.17
2024-09-26 18:54:24,068 [INFO] ThirdParty:915 - Integrity check success = true
2024-09-26 18:54:24,068 [INFO] IntegrityCheckThread:94 - exiting critical section [integrity check]
2024-09-26 18:54:24,068 [INFO] IntegrityCheckThread:97 - End integrity checks thread
2024-09-26 18:54:24,250 [INFO] LoadUrlFilesThread:145 - End of LoadUrlFiles Thread
2024-09-26 18:54:24,404 [INFO] ServerAccessManage:362 - Download File tutoVideoDB.zip
2024-09-26 18:54:24,466 [INFO] FileExtend:235 - Unzip File : tutoVideoDB.zip
2024-09-26 18:54:24,467 [INFO] FileExtend:250 - Standard Zip Deflate
2024-09-26 18:54:24,843 [INFO] LoadUrlFilesThread:145 - End of LoadUrlFiles Thread
2024-09-26 18:54:24,845 [INFO] DbMcusAds:47 - JSON generation date=Fri Sep 20 20:04:23 ICT 2024 (1726837463113)
2024-09-26 18:54:24,868 [INFO] DbMcusDocs:143 - JSON generation date=Tue Nov 16 23:17:54 ICT 2021 (1637079474)
2024-09-26 18:54:24,870 [INFO] DbMcusXml:100 - Load MCU database from C:\ST\STM32CubeIDE_1.7.0\STM32CubeIDE\plugins\com.st.stm32cube.common.mx_6.3.0.202107141111\\db\/mcu/families.xml
2024-09-26 18:54:26,733 [INFO] DbMcusJson:93 - JSON generation date=Tue Nov 16 23:17:54 ICT 2021 (1637079474)
2024-09-26 18:54:27,828 [INFO] DbMcus:175 - Found 1951 MCUs (1903 are supported by CubeMX, 1914 are visible in CubeMX)
2024-09-26 18:54:27,830 [INFO] ApiDb:251 - Load user favorites file C:\Users\Welcome/.stm32cubeide/favorites.mcus.txt: 0 item(s)
2024-09-26 18:54:27,830 [INFO] ApiDb:255 - User favorites MCUs=[]
2024-09-26 18:54:27,830 [INFO] DbMcus:187 - Set 0 / 0 favorites MCUs
2024-09-26 18:54:28,555 [INFO] DbMcusDocs:79 - Found 682 MCUs documents
2024-09-26 18:54:28,557 [INFO] ApiDb:276 - Save user favorites file C:\Users\Welcome/.stm32cubeide/favorites.mcus.txt: 0 item(s)
2024-09-26 18:54:28,557 [INFO] ApiDb:280 - User favorites MCUs=[]
2024-09-26 18:54:28,558 [INFO] DbMcusXml:100 - Load MCU database from C:\ST\STM32CubeIDE_1.7.0\STM32CubeIDE\plugins\com.st.stm32cube.common.mx_6.3.0.202107141111\\db\/mcu/families.xml
2024-09-26 18:54:29,669 [INFO] DbMcusJson:93 - JSON generation date=Tue Nov 16 23:17:54 ICT 2021 (1637079474)
2024-09-26 18:54:30,599 [INFO] DbMcus:175 - Found 1951 MCUs (1903 are supported by CubeMX, 1914 are visible in CubeMX)
2024-09-26 18:54:30,600 [INFO] ApiDb:251 - Load user favorites file C:\Users\Welcome/.stm32cubeide/favorites.mcus.txt: 0 item(s)
2024-09-26 18:54:30,600 [INFO] ApiDb:255 - User favorites MCUs=[]
2024-09-26 18:54:30,600 [INFO] DbMcus:187 - Set 0 / 0 favorites MCUs
2024-09-26 18:54:30,614 [INFO] DbBoardsDocs:143 - JSON generation date=Tue Nov 16 23:17:54 ICT 2021 (1637079474)
2024-09-26 18:54:30,651 [INFO] DbBoardsPdsc:90 - Found 25 items
2024-09-26 18:54:30,668 [INFO] DbBoardsPdsc:90 - Found 9 items
2024-09-26 18:54:30,690 [INFO] DbBoardsPdsc:90 - Found 33 items
2024-09-26 18:54:30,706 [INFO] DbBoardsPdsc:90 - Found 1 items
2024-09-26 18:54:30,726 [INFO] DbBoardsPdsc:90 - Found 48 items
2024-09-26 18:54:30,746 [INFO] DbBoardsPdsc:90 - Found 43 items
2024-09-26 18:54:30,759 [INFO] DbBoardsPdsc:90 - Found 2 items
2024-09-26 18:54:30,772 [INFO] DbBoardsPdsc:90 - Found 5 items
2024-09-26 18:54:30,777 [WARN] DbBoardsPdsc:254 - Board STM32H7B3I-DK: unknown feature type=Audio, name=, username=Audio stereo codec with Headphone Amp (CS42L51-CNZ), n=1
2024-09-26 18:54:30,777 [WARN] DbBoardsPdsc:254 - Board STM32H735G-DK: unknown feature type=Audio, name=, username=Audio stereo codec with Headphone Amp (WM8994ECS/R), n=1
2024-09-26 18:54:30,780 [WARN] DbBoardsPdsc:254 - Board STM32H7B3I-EVAL: unknown feature type=Audio, name=, username=Multi-Channel Audio Codec (CS42L51-CNZ), n=1
2024-09-26 18:54:30,780 [WARN] DbBoardsPdsc:254 - Board STM32H7B3I-EVAL: unknown feature type=Meter, name=, username=Power-metering and Temperature-monitoring with sigma-delta modulators, n=1
2024-09-26 18:54:30,780 [WARN] DbBoardsPdsc:254 - Board STM32H7B3I-EVAL: unknown feature type=Motor, name=, username=Motor Control, n=1
2024-09-26 18:54:30,781 [WARN] DbBoardsPdsc:254 - Board STM32U575I-EV: unknown feature type=joystick, name=, username=4-direction joystick with selection button, n=1
2024-09-26 18:54:30,831 [INFO] DbBoardsJson:86 - JSON generation date=Tue Nov 16 23:17:54 ICT 2021 (1637079474)
2024-09-26 18:54:30,839 [INFO] DbBoards:117 - Found 167 boards (163 are supported by CubeMX)
2024-09-26 18:54:30,841 [INFO] DbBoardsDocs:143 - JSON generation date=Tue Nov 16 23:17:54 ICT 2021 (1637079474)
2024-09-26 18:54:30,845 [INFO] DbBoardsDocs:79 - Found 209 boards documents
2024-09-26 18:54:30,847 [WARN] DbBoards:127 - board B-L475E-IOT01A2 has no document id list !
2024-09-26 18:54:30,848 [WARN] DbBoards:127 - board NUCLEO-H743ZI has no document id list !
2024-09-26 18:54:30,849 [WARN] DbBoards:127 - board NUCLEO-WL55JC2 has no document id list !
2024-09-26 18:54:30,850 [WARN] DbBoards:127 - board P-NUCLEO-WB55-Nucleo has no document id list !
2024-09-26 18:54:30,850 [WARN] DbBoards:127 - board P-NUCLEO-WB55-USBDongle has no document id list !
2024-09-26 18:54:30,850 [WARN] DbBoards:127 - board STEVAL-BFA001V1B has no document id list !
2024-09-26 18:54:30,850 [WARN] DbBoards:127 - board STEVAL-BFA001V2B has no document id list !
2024-09-26 18:54:30,850 [WARN] DbBoards:127 - board STEVAL-IDP005V1 has no document id list !
2024-09-26 18:54:30,850 [WARN] DbBoards:127 - board STEVAL-IDP005V2 has no document id list !
2024-09-26 18:54:30,850 [WARN] DbBoards:127 - board STEVAL-MKSBOX1V1 has no document id list !
2024-09-26 18:54:30,850 [WARN] DbBoards:127 - board STEVAL-STWINKT1 has no document id list !
2024-09-26 18:54:30,850 [WARN] DbBoards:127 - board STEVAL-STWINKT1B has no document id list !
2024-09-26 18:54:30,851 [WARN] DbBoards:127 - board STM32439I-EVAL2 has no document id list !
2024-09-26 18:54:30,851 [WARN] DbBoards:127 - board STM32F401C-DISCO has no document id list !
2024-09-26 18:54:30,852 [WARN] DbBoards:127 - board STM32F769I-DISC1 has no document id list !
2024-09-26 18:54:30,852 [WARN] DbBoards:127 - board STM32G474E-EVAL1 has no document id list !
2024-09-26 18:54:30,853 [WARN] DbBoards:127 - board STM32H743I-EVAL2 has no document id list !
2024-09-26 18:54:30,853 [WARN] DbBoards:127 - board STM32H747I-DISC1 has no document id list !
2024-09-26 18:54:30,853 [WARN] DbBoards:127 - board STM32H753I-EVAL2 has no document id list !
2024-09-26 18:54:30,853 [WARN] DbBoards:127 - board STM32L-DISCOVERY has no document id list !
2024-09-26 18:54:31,088 [ERROR] DbBoards:189 - Image file not found for board B-U585I-IOT02A: C:\ST\STM32CubeIDE_1.7.0\STM32CubeIDE\plugins\com.st.stm32cube.common.mx_6.3.0.202107141111\\db\/plugins/mcufinder/images/boards/B-U585I-IOT02A_small.jpg
2024-09-26 18:54:31,207 [ERROR] DbBoards:189 - Image file not found for board NUCLEO-F413ZH: C:\ST\STM32CubeIDE_1.7.0\STM32CubeIDE\plugins\com.st.stm32cube.common.mx_6.3.0.202107141111\\db\/plugins/mcufinder/images/boards/nucleo-f413zh_small.jpg
2024-09-26 18:54:31,436 [ERROR] DbBoards:189 - Image file not found for board NUCLEO-L552ZE-Q: C:\ST\STM32CubeIDE_1.7.0\STM32CubeIDE\plugins\com.st.stm32cube.common.mx_6.3.0.202107141111\\db\/plugins/mcufinder/images/boards/nucleo_l552ze_q_small.jpg
2024-09-26 18:54:31,437 [ERROR] DbBoards:189 - Image file not found for board NUCLEO-U575ZI-Q: C:\ST\STM32CubeIDE_1.7.0\STM32CubeIDE\plugins\com.st.stm32cube.common.mx_6.3.0.202107141111\\db\/plugins/mcufinder/images/boards/nucleo-u575zi-q_small.jpg
2024-09-26 18:54:31,437 [ERROR] DbBoards:189 - Image file not found for board NUCLEO-WB15CC: C:\ST\STM32CubeIDE_1.7.0\STM32CubeIDE\plugins\com.st.stm32cube.common.mx_6.3.0.202107141111\\db\/plugins/mcufinder/images/boards/nucleo-wb15cc_small.jpg
2024-09-26 18:54:31,437 [ERROR] DbBoards:189 - Image file not found for board NUCLEO-WB55RG: C:\ST\STM32CubeIDE_1.7.0\STM32CubeIDE\plugins\com.st.stm32cube.common.mx_6.3.0.202107141111\\db\/plugins/mcufinder/images/boards/nucleo-wb55rg_small.jpg
2024-09-26 18:54:33,036 [INFO] ApiDb:251 - Load user favorites file C:\Users\Welcome/.stm32cubeide/favorites.boards.txt: 0 item(s)
2024-09-26 18:54:33,036 [INFO] ApiDb:255 - User favorites Boards=[]
2024-09-26 18:54:33,037 [INFO] DbBoards:206 - Set 0 / 0 favorites Boards
2024-09-26 18:54:33,041 [INFO] DbBoardsDocs:79 - Found 418 boards documents
2024-09-26 18:54:33,042 [INFO] ApiDb:276 - Save user favorites file C:\Users\Welcome/.stm32cubeide/favorites.boards.txt: 0 item(s)
2024-09-26 18:54:33,042 [INFO] ApiDb:280 - User favorites Boards=[]
2024-09-26 18:54:33,047 [INFO] DbBoardsPdsc:90 - Found 25 items
2024-09-26 18:54:33,050 [INFO] DbBoardsPdsc:90 - Found 9 items
2024-09-26 18:54:33,054 [INFO] DbBoardsPdsc:90 - Found 33 items
2024-09-26 18:54:33,057 [INFO] DbBoardsPdsc:90 - Found 1 items
2024-09-26 18:54:33,064 [INFO] DbBoardsPdsc:90 - Found 48 items
2024-09-26 18:54:33,074 [INFO] DbBoardsPdsc:90 - Found 43 items
2024-09-26 18:54:33,077 [INFO] DbBoardsPdsc:90 - Found 2 items
2024-09-26 18:54:33,079 [INFO] DbBoardsPdsc:90 - Found 5 items
2024-09-26 18:54:33,081 [WARN] DbBoardsPdsc:254 - Board STM32H7B3I-DK: unknown feature type=Audio, name=, username=Audio stereo codec with Headphone Amp (CS42L51-CNZ), n=1
2024-09-26 18:54:33,082 [WARN] DbBoardsPdsc:254 - Board STM32H735G-DK: unknown feature type=Audio, name=, username=Audio stereo codec with Headphone Amp (WM8994ECS/R), n=1
2024-09-26 18:54:33,084 [WARN] DbBoardsPdsc:254 - Board STM32H7B3I-EVAL: unknown feature type=Audio, name=, username=Multi-Channel Audio Codec (CS42L51-CNZ), n=1
2024-09-26 18:54:33,084 [WARN] DbBoardsPdsc:254 - Board STM32H7B3I-EVAL: unknown feature type=Meter, name=, username=Power-metering and Temperature-monitoring with sigma-delta modulators, n=1
2024-09-26 18:54:33,084 [WARN] DbBoardsPdsc:254 - Board STM32H7B3I-EVAL: unknown feature type=Motor, name=, username=Motor Control, n=1
2024-09-26 18:54:33,085 [WARN] DbBoardsPdsc:254 - Board STM32U575I-EV: unknown feature type=joystick, name=, username=4-direction joystick with selection button, n=1
2024-09-26 18:54:33,111 [INFO] DbBoardsJson:86 - JSON generation date=Tue Nov 16 23:17:54 ICT 2021 (1637079474)
2024-09-26 18:54:33,117 [INFO] DbBoards:117 - Found 167 boards (163 are supported by CubeMX)
2024-09-26 18:54:33,118 [WARN] DbBoards:127 - board B-L475E-IOT01A2 has no document id list !
2024-09-26 18:54:33,119 [WARN] DbBoards:127 - board NUCLEO-H743ZI has no document id list !
2024-09-26 18:54:33,120 [WARN] DbBoards:127 - board NUCLEO-WL55JC2 has no document id list !
2024-09-26 18:54:33,120 [WARN] DbBoards:127 - board P-NUCLEO-WB55-Nucleo has no document id list !
2024-09-26 18:54:33,120 [WARN] DbBoards:127 - board P-NUCLEO-WB55-USBDongle has no document id list !
2024-09-26 18:54:33,120 [WARN] DbBoards:127 - board STEVAL-BFA001V1B has no document id list !
2024-09-26 18:54:33,120 [WARN] DbBoards:127 - board STEVAL-BFA001V2B has no document id list !
2024-09-26 18:54:33,120 [WARN] DbBoards:127 - board STEVAL-IDP005V1 has no document id list !
2024-09-26 18:54:33,121 [WARN] DbBoards:127 - board STEVAL-IDP005V2 has no document id list !
2024-09-26 18:54:33,121 [WARN] DbBoards:127 - board STEVAL-MKSBOX1V1 has no document id list !
2024-09-26 18:54:33,121 [WARN] DbBoards:127 - board STEVAL-STWINKT1 has no document id list !
2024-09-26 18:54:33,121 [WARN] DbBoards:127 - board STEVAL-STWINKT1B has no document id list !
2024-09-26 18:54:33,121 [WARN] DbBoards:127 - board STM32439I-EVAL2 has no document id list !
2024-09-26 18:54:33,121 [WARN] DbBoards:127 - board STM32F401C-DISCO has no document id list !
2024-09-26 18:54:33,121 [WARN] DbBoards:127 - board STM32F769I-DISC1 has no document id list !
2024-09-26 18:54:33,121 [WARN] DbBoards:127 - board STM32G474E-EVAL1 has no document id list !
2024-09-26 18:54:33,121 [WARN] DbBoards:127 - board STM32H743I-EVAL2 has no document id list !
2024-09-26 18:54:33,121 [WARN] DbBoards:127 - board STM32H747I-DISC1 has no document id list !
2024-09-26 18:54:33,122 [WARN] DbBoards:127 - board STM32H753I-EVAL2 has no document id list !
2024-09-26 18:54:33,122 [WARN] DbBoards:127 - board STM32L-DISCOVERY has no document id list !
2024-09-26 18:54:33,222 [ERROR] DbBoards:189 - Image file not found for board B-U585I-IOT02A: C:\ST\STM32CubeIDE_1.7.0\STM32CubeIDE\plugins\com.st.stm32cube.common.mx_6.3.0.202107141111\\db\/plugins/mcufinder/images/boards/B-U585I-IOT02A_small.jpg
2024-09-26 18:54:33,336 [ERROR] DbBoards:189 - Image file not found for board NUCLEO-F413ZH: C:\ST\STM32CubeIDE_1.7.0\STM32CubeIDE\plugins\com.st.stm32cube.common.mx_6.3.0.202107141111\\db\/plugins/mcufinder/images/boards/nucleo-f413zh_small.jpg
2024-09-26 18:54:33,546 [ERROR] DbBoards:189 - Image file not found for board NUCLEO-L552ZE-Q: C:\ST\STM32CubeIDE_1.7.0\STM32CubeIDE\plugins\com.st.stm32cube.common.mx_6.3.0.202107141111\\db\/plugins/mcufinder/images/boards/nucleo_l552ze_q_small.jpg
2024-09-26 18:54:33,546 [ERROR] DbBoards:189 - Image file not found for board NUCLEO-U575ZI-Q: C:\ST\STM32CubeIDE_1.7.0\STM32CubeIDE\plugins\com.st.stm32cube.common.mx_6.3.0.202107141111\\db\/plugins/mcufinder/images/boards/nucleo-u575zi-q_small.jpg
2024-09-26 18:54:33,546 [ERROR] DbBoards:189 - Image file not found for board NUCLEO-WB15CC: C:\ST\STM32CubeIDE_1.7.0\STM32CubeIDE\plugins\com.st.stm32cube.common.mx_6.3.0.202107141111\\db\/plugins/mcufinder/images/boards/nucleo-wb15cc_small.jpg
2024-09-26 18:54:33,546 [ERROR] DbBoards:189 - Image file not found for board NUCLEO-WB55RG: C:\ST\STM32CubeIDE_1.7.0\STM32CubeIDE\plugins\com.st.stm32cube.common.mx_6.3.0.202107141111\\db\/plugins/mcufinder/images/boards/nucleo-wb55rg_small.jpg
2024-09-26 18:54:34,603 [INFO] ApiDb:251 - Load user favorites file C:\Users\Welcome/.stm32cubeide/favorites.boards.txt: 0 item(s)
2024-09-26 18:54:34,603 [INFO] ApiDb:255 - User favorites Boards=[]
2024-09-26 18:54:34,603 [INFO] DbBoards:206 - Set 0 / 0 favorites Boards
2024-09-26 18:54:34,617 [INFO] LoadUrlFilesThread:172 - End of LoadServerUrlFiles without Thread
2024-09-26 18:54:34,617 [INFO] TargetSelectorAdapter:224 - Refresh data is successful
2024-09-26 18:54:34,764 [INFO] ApiDb:479 - Connected to CubeFinder SQLite database (C:\Users\Welcome\.stmcufinder\plugins\mcufinder\mcu\cube-finder-db.db)
2024-09-26 18:54:35,159 [INFO] MainUpdater:2671 - connection check result : 10
2024-09-26 18:54:35,926 [ERROR] DbExamplesSqlite:446 - Missing JSON key: board_cpn
2024-09-26 18:54:35,926 [ERROR] DbExamplesSqlite:446 - Missing JSON key: board_cpn
2024-09-26 18:54:35,927 [ERROR] DbExamplesSqlite:446 - Missing JSON key: board_cpn
2024-09-26 18:54:35,927 [ERROR] DbExamplesSqlite:446 - Missing JSON key: board_cpn
2024-09-26 18:54:36,108 [ERROR] DbExamplesSqlite:446 - Missing JSON key: board_cpn
2024-09-26 18:54:36,108 [ERROR] DbExamplesSqlite:446 - Missing JSON key: board_cpn
2024-09-26 18:54:36,108 [ERROR] DbExamplesSqlite:446 - Missing JSON key: board_cpn
2024-09-26 18:54:36,108 [ERROR] DbExamplesSqlite:446 - Missing JSON key: board_cpn
2024-09-26 18:54:36,109 [ERROR] DbExamplesSqlite:446 - Missing JSON key: board_cpn
2024-09-26 18:54:36,109 [ERROR] DbExamplesSqlite:446 - Missing JSON key: board_cpn
2024-09-26 18:54:36,109 [ERROR] DbExamplesSqlite:446 - Missing JSON key: board_cpn
2024-09-26 18:54:36,110 [ERROR] DbExamplesSqlite:446 - Missing JSON key: board_cpn
2024-09-26 18:54:36,110 [ERROR] DbExamplesSqlite:446 - Missing JSON key: board_cpn
2024-09-26 18:54:36,110 [INFO] DbExamplesSqlite:411 - Ignored 28 examples not supported by CubeIDE
2024-09-26 18:54:36,110 [INFO] DbExamplesSqlite:412 - Found 8614 examples active
2024-09-26 18:54:36,112 [INFO] DbExamplesSqlite:413 - Found 0 examples obsolete
2024-09-26 18:54:36,112 [INFO] DbExamplesSqlite:414 - Found 0 examples under development
2024-09-26 18:54:36,112 [INFO] DbExamplesSqlite:415 - Found 10 examples not building
2024-09-26 18:54:36,181 [INFO] DbExamplesSqlite:108 - CubeFinder database Data Model version=2.1
2024-09-26 18:54:36,182 [INFO] DbExamplesSqlite:109 - CubeFinder database Configuration version=3.0.39
2024-09-26 18:54:36,182 [INFO] DbExamplesSqlite:110 - CubeFinder database generation date=2024-09-16 (1726485674)
2024-09-26 18:54:36,182 [INFO] DbExamplesSqlite:111 - CubeFinder database FW Pack versions=[FP-ATR-ASTRA1_V2.0.0, FP-SNS-FLIGHT1_V5.0.2, FP-SNS-MOTENV1_V5.0.0, FP-SNS-MOTENVWB1_V1.4.0, FP-SNS-SMARTAG2_V1.2.0, FP-SNS-STBOX1_V2.0.0, STM32Cube_FW_C0_V1.2.0, STM32Cube_FW_F4_V1.28.1, STM32Cube_FW_F7_V1.17.2, STM32Cube_FW_G0_V1.6.2, STM32Cube_FW_G4_V1.6.0, STM32Cube_FW_H5_V1.3.0, STM32Cube_FW_H7RS_V1.1.0, STM32Cube_FW_H7_V1.11.2, STM32Cube_FW_L0_V1.12.2, STM32Cube_FW_L5_V1.5.1, STM32Cube_FW_U0_V1.1.0, STM32Cube_FW_U5_V1.6.0, STM32Cube_FW_WB0_V1.0.0, STM32Cube_FW_WBA_V1.4.1, STM32Cube_FW_WB_V1.20.0, STM32Cube_FW_WL_V1.3.0, X-CUBE-ALGOBUILD_V1.4.0, X-CUBE-ALS_V1.0.2, X-CUBE-AZRTOS-F4_V1.1.0, X-CUBE-AZRTOS-F7_V1.1.0, X-CUBE-AZRTOS-G0_V1.1.0, X-CUBE-AZRTOS-G4_V2.0.0, X-CUBE-AZRTOS-H7RS_V1.0.0, X-CUBE-AZRTOS-H7_V3.2.0, X-CUBE-AZRTOS-L4_V2.0.0, X-CUBE-AZRTOS-L5_V2.0.0, X-CUBE-AZRTOS-WB_V2.0.0, X-CUBE-AZRTOS-WL_V2.0.0, X-CUBE-BLE1_V7.0.0, X-CUBE-BLE2_V3.3.0, X-CUBE-BLEMGR_V3.1.0, X-CUBE-EEPRMA1_V5.1.0, X-CUBE-FREERTOS_V1.2.0, X-CUBE-GNSS1_V6.0.0, X-CUBE-MEMS1_V11.0.0, X-CUBE-NFC4_V3.0.0, X-CUBE-NFC7_V1.0.1, X-CUBE-SFXS2LP1_V4.0.0, X-CUBE-SUBG2_V5.0.0, X-CUBE-TOF1_V3.4.2]
2024-09-26 18:54:36,183 [INFO] DbExamples:130 - Found 8596 examples
2024-09-26 18:54:37,288 [ERROR] DbExamples:206 - Found 8596 examples with invalid data (board or MCU)
2024-09-26 18:54:37,288 [INFO] DbExamples:222 - Found 80 boards with related examples
2024-09-26 18:54:37,288 [INFO] DbExamples:235 - Found 0 MCUs with related examples
2024-09-26 18:54:37,317 [INFO] ApiDb:242 - User favorites file not found: C:\Users\Welcome/.stm32cubeide/favorites.examples.txt
2024-09-26 18:54:37,317 [INFO] DbExamples:256 - Set 0 / 0 favorites Examples
2024-09-26 18:54:37,538 [INFO] McuFinderGlobals:52 - Set McuFinderConnectedMode to false
2024-09-26 18:54:37,720 [INFO] CrossSelectorPresenter:1330 - Cross Selector saved comparison directory: C:\Users\Welcome\.stmcufinder\plugins\mcufinder\mcu\cs_comparisons_mx
2024-09-26 18:54:37,727 [INFO] MultiScanPanel:197 - Auto-refresh data requested => check proxy status ongoing
2024-09-26 18:54:37,727 [INFO] MultiScanPanel:201 - Proxy status is invalid
2024-09-26 18:54:37,732 [INFO] FinderPluginLoader:87 - Searching for filters in installed packs
2024-09-26 18:54:38,475 [INFO] DetailPanel:309 - Set advertising image to C:/Users/Welcome/STM32Cube/Repository/\en.prom-stm32c071-usb-memories-mcu-finder.png
2024-09-26 18:54:39,638 [INFO] McuFinderGlobals:52 - Set McuFinderConnectedMode to false
2024-09-26 18:54:39,658 [INFO] CrossSelectorPresenter:1330 - Cross Selector saved comparison directory: C:\Users\Welcome\.stmcufinder\plugins\mcufinder\mcu\cs_comparisons_mx
2024-09-26 18:54:39,660 [INFO] MultiScanPanel:197 - Auto-refresh data requested => check proxy status ongoing
2024-09-26 18:54:39,660 [INFO] MultiScanPanel:201 - Proxy status is invalid
2024-09-26 18:54:39,661 [INFO] FinderPluginLoader:87 - Searching for filters in installed packs
2024-09-26 18:54:40,108 [INFO] DetailPanel:309 - Set advertising image to C:/Users/Welcome/STM32Cube/Repository/\en.prom-stm32c071-usb-memories-mcu-finder.png
2024-09-26 18:55:15,564 [INFO] MainUpdater:2671 - connection check result : 10
2024-09-26 18:55:15,564 [INFO] MainUpdater:2671 - connection check result : 10
2024-09-26 18:55:15,610 [INFO] MicroXplorer:448 - Change Database Path : 
2024-09-26 18:55:15,610 [INFO] MicroXplorer:478 - Change Database Version : DB.6.0.30
2024-09-26 18:55:15,611 [WARN] ThirdParty:813 - waiting for thirdparty lock release [close project]
2024-09-26 18:55:15,611 [INFO] ThirdParty:815 - entering critical section [close project]
2024-09-26 18:55:15,612 [INFO] ThirdParty:825 - exiting critical section [close project]
2024-09-26 18:55:15,616 [INFO] PinOutPanel:1463 - setPackage(No Configuration,No Configuration)
2024-09-26 18:55:15,616 [INFO] UtilMem:74 - Begin LoadConfig() Used Memory: 609656048 Bytes (625999872)
2024-09-26 18:55:15,618 [INFO] MicroXplorer:448 - Change Database Path : 
2024-09-26 18:55:15,618 [INFO] MicroXplorer:478 - Change Database Version : DB.6.0.30
2024-09-26 18:55:15,618 [INFO] OpenFileManager:313 - Change cursor
2024-09-26 18:55:16,562 [INFO] Context:592 - Trying to add GPIOservice into a context  which must be forbidden
2024-09-26 18:55:16,829 [INFO] ImportTextPane:167 - (OptionalMessage_ERROR) Unable to find key (Mcu.ThirdPartyNb) in loaded IOC file
2024-09-26 18:55:16,829 [INFO] ImportTextPane:167 - (OptionalMessage_ERROR) Unable to find key (Mcu.PinsNb) in loaded IOC file
2024-09-26 18:55:16,829 [INFO] ImportTextPane:167 - (OptionalMessage_ERROR) Unable to find key (Mcu.IPNb) in loaded IOC file
2024-09-26 18:55:16,918 [WARN] ApiManager:304 - Cannot register API 'Board Extension:GNSS1A1' from pack STMicroelectronics.X-CUBE-GNSS1.6.0.0: no header file found
2024-09-26 18:55:16,919 [WARN] ApiManager:304 - Cannot register API 'Board Support:Custom' from pack STMicroelectronics.X-CUBE-GNSS1.6.0.0: no header file found
2024-09-26 18:55:16,919 [WARN] ApiManager:304 - Cannot register API 'Data Exchange:lib_gnss' from pack STMicroelectronics.X-CUBE-GNSS1.6.0.0: no header file found
2024-09-26 18:55:16,925 [WARN] ApiManager:304 - Cannot register API 'Board Extension:GNSS1A1' from pack STMicroelectronics.X-CUBE-GNSS1.7.0.0: no header file found
2024-09-26 18:55:16,925 [WARN] ApiManager:304 - Cannot register API 'Board Support:Custom' from pack STMicroelectronics.X-CUBE-GNSS1.7.0.0: no header file found
2024-09-26 18:55:16,925 [WARN] ApiManager:304 - Cannot register API 'Data Exchange:lib_gnss' from pack STMicroelectronics.X-CUBE-GNSS1.7.0.0: no header file found
2024-09-26 18:55:16,934 [WARN] ApiManager:304 - Cannot register API 'Board Extension:NFC06A1' from pack STMicroelectronics.X-CUBE-NFC6.3.1.0: no header file found
2024-09-26 18:55:16,934 [WARN] ApiManager:304 - Cannot register API 'Board Extension:NFC08A1' from pack STMicroelectronics.X-CUBE-NFC6.3.1.0: no header file found
2024-09-26 18:55:17,130 [WARN] ApiManager:304 - Cannot register API 'Board Extension:IKS01A3' from pack STMicroelectronics.X-CUBE-MEMS1.11.0.0: no header file found
2024-09-26 18:55:17,130 [WARN] ApiManager:304 - Cannot register API 'Board Extension:IKS02A1' from pack STMicroelectronics.X-CUBE-MEMS1.11.0.0: no header file found
2024-09-26 18:55:17,130 [WARN] ApiManager:304 - Cannot register API 'Board Extension:IKS4A1' from pack STMicroelectronics.X-CUBE-MEMS1.11.0.0: no header file found
2024-09-26 18:55:17,138 [INFO] RtosManager:484 - Registered RTOS mode: class=CMSIS, group=RTOS, mode=CMSIS_V1, owner=FREERTOS
2024-09-26 18:55:17,138 [INFO] RtosManager:484 - Registered RTOS mode: class=CMSIS, group=RTOS2, mode=CMSIS_V2, owner=FREERTOS
2024-09-26 18:55:17,139 [INFO] RtosManager:484 - Registered RTOS mode: class=RTOS, group=Core, mode=CMSIS_V1, owner=FREERTOS
2024-09-26 18:55:17,139 [INFO] RtosManager:484 - Registered RTOS mode: class=RTOS, group=Core, mode=CMSIS_V2, owner=FREERTOS
2024-09-26 18:55:17,139 [WARN] ModelIntegratedComponent:181 - Missing modes for component STMicroelectronics:FreeRTOS:0.0.1:STMicroelectronics:RTOS:FreeRTOS:Core:::10.2.0:
2024-09-26 18:55:17,140 [WARN] ApiManager:304 - Cannot register API 'Board Extension:STSAFEA1' from pack STMicroelectronics.X-CUBE-SAFEA1.1.2.2: no header file found
2024-09-26 18:55:17,140 [WARN] ApiManager:304 - Cannot register API 'Board Part:STSAFEA110' from pack STMicroelectronics.X-CUBE-SAFEA1.1.2.2: no header file found
2024-09-26 18:55:17,140 [WARN] ApiManager:304 - Cannot register API 'Security:ST_Cryptolib' from pack STMicroelectronics.X-CUBE-SAFEA1.1.2.2: no header file found
2024-09-26 18:55:17,140 [WARN] ApiManager:304 - Cannot register API 'Security:MbedTLS' from pack STMicroelectronics.X-CUBE-SAFEA1.1.2.2: no header file found
2024-09-26 18:55:17,141 [WARN] ApiManager:304 - Cannot register API 'Board Extension:NFC04A1' from pack STMicroelectronics.X-CUBE-NFC4.3.0.0: no header file found
2024-09-26 18:55:17,145 [WARN] ApiManager:304 - Cannot register API 'Board Extension:S2868A1' from pack STMicroelectronics.X-CUBE-SUBG2.5.0.0: no header file found
2024-09-26 18:55:17,145 [WARN] ApiManager:304 - Cannot register API 'Board Extension:S2868A2' from pack STMicroelectronics.X-CUBE-SUBG2.5.0.0: no header file found
2024-09-26 18:55:17,145 [WARN] ApiManager:304 - Cannot register API 'Board Extension:S2915A1' from pack STMicroelectronics.X-CUBE-SUBG2.5.0.0: no header file found
2024-09-26 18:55:17,147 [WARN] ApiManager:304 - Cannot register API 'Wireless:BlueNRG-MS' from pack STMicroelectronics.X-CUBE-BLE1.7.0.0: no header file found
2024-09-26 18:55:17,149 [WARN] ApiManager:304 - Cannot register API 'Board Extension:EEPRMA2' from pack STMicroelectronics.X-CUBE-EEPRMA1.5.1.0: no header file found
2024-09-26 18:55:17,149 [WARN] ApiManager:304 - Cannot register API 'Board Extension:PGEEZ1' from pack STMicroelectronics.X-CUBE-EEPRMA1.5.1.0: no header file found
2024-09-26 18:55:17,149 [WARN] ApiManager:304 - Cannot register API 'Board Extension:EEICA1' from pack STMicroelectronics.X-CUBE-EEPRMA1.5.1.0: no header file found
2024-09-26 18:55:17,149 [WARN] ApiManager:304 - Cannot register API 'Board Part:M24' from pack STMicroelectronics.X-CUBE-EEPRMA1.5.1.0: no header file found
2024-09-26 18:55:17,149 [WARN] ApiManager:304 - Cannot register API 'Board Part:M95' from pack STMicroelectronics.X-CUBE-EEPRMA1.5.1.0: no header file found
2024-09-26 18:55:17,149 [WARN] ApiManager:304 - Cannot register API 'Board Part:M95P32' from pack STMicroelectronics.X-CUBE-EEPRMA1.5.1.0: no header file found
2024-09-26 18:55:17,149 [WARN] ApiManager:304 - Cannot register API 'Board Part:M24256E-F' from pack STMicroelectronics.X-CUBE-EEPRMA1.5.1.0: no header file found
2024-09-26 18:55:17,149 [WARN] ApiManager:304 - Cannot register API 'Board Part:M24M01E-F' from pack STMicroelectronics.X-CUBE-EEPRMA1.5.1.0: no header file found
2024-09-26 18:55:17,149 [WARN] ApiManager:304 - Cannot register API 'PGEEZ1:SPI' from pack STMicroelectronics.X-CUBE-EEPRMA1.5.1.0: no header file found
2024-09-26 18:55:17,149 [WARN] ApiManager:304 - Cannot register API 'PGEEZ1:QDSPI' from pack STMicroelectronics.X-CUBE-EEPRMA1.5.1.0: no header file found
2024-09-26 18:55:17,151 [WARN] ModelIntegratedComponent:60 - No mode defined for component null
2024-09-26 18:55:17,151 [WARN] ModelIntegratedComponent:60 - No mode defined for component null
2024-09-26 18:55:17,151 [WARN] ModelIntegratedComponent:60 - No mode defined for component null
2024-09-26 18:55:17,151 [WARN] ModelIntegratedComponent:60 - No mode defined for component null
2024-09-26 18:55:17,151 [WARN] ModelIntegratedComponent:60 - No mode defined for component null
2024-09-26 18:55:17,151 [WARN] ModelIntegratedComponent:60 - No mode defined for component null
2024-09-26 18:55:17,151 [WARN] ModelIntegratedComponent:60 - No mode defined for component null
2024-09-26 18:55:17,152 [WARN] ModelIntegratedComponent:60 - No mode defined for component null
2024-09-26 18:55:17,152 [WARN] ModelIntegratedComponent:60 - No mode defined for component null
2024-09-26 18:55:17,152 [WARN] ModelIntegratedComponent:60 - No mode defined for component null
2024-09-26 18:55:17,152 [WARN] ModelIntegratedComponent:60 - No mode defined for component null
2024-09-26 18:55:17,152 [WARN] ModelIntegratedComponent:60 - No mode defined for component null
2024-09-26 18:55:17,152 [WARN] ModelIntegratedComponent:60 - No mode defined for component null
2024-09-26 18:55:17,152 [WARN] ModelIntegratedComponent:60 - No mode defined for component null
2024-09-26 18:55:17,152 [WARN] ModelIntegratedComponent:60 - No mode defined for component null
2024-09-26 18:55:17,152 [WARN] ModelIntegratedComponent:60 - No mode defined for component null
2024-09-26 18:55:17,152 [WARN] ModelIntegratedComponent:60 - No mode defined for component null
2024-09-26 18:55:17,152 [WARN] ModelIntegratedComponent:60 - No mode defined for component null
2024-09-26 18:55:17,152 [WARN] ModelIntegratedComponent:60 - No mode defined for component null
2024-09-26 18:55:17,153 [WARN] ModelIntegratedComponent:60 - No mode defined for component null
2024-09-26 18:55:17,153 [WARN] ModelIntegratedComponent:60 - No mode defined for component null
2024-09-26 18:55:17,153 [WARN] ModelIntegratedComponent:60 - No mode defined for component null
2024-09-26 18:55:17,153 [WARN] ModelIntegratedComponent:60 - No mode defined for component null
2024-09-26 18:55:17,153 [WARN] ModelIntegratedComponent:60 - No mode defined for component null
2024-09-26 18:55:17,153 [WARN] ModelIntegratedComponent:60 - No mode defined for component null
2024-09-26 18:55:17,153 [WARN] ModelIntegratedComponent:60 - No mode defined for component null
2024-09-26 18:55:17,153 [WARN] ModelIntegratedComponent:60 - No mode defined for component null
2024-09-26 18:55:17,153 [WARN] ModelIntegratedComponent:60 - No mode defined for component null
2024-09-26 18:55:17,153 [WARN] ModelIntegratedComponent:60 - No mode defined for component null
2024-09-26 18:55:17,153 [WARN] ModelIntegratedComponent:60 - No mode defined for component null
2024-09-26 18:55:17,153 [WARN] ModelIntegratedComponent:60 - No mode defined for component null
2024-09-26 18:55:17,155 [WARN] ApiManager:304 - Cannot register API 'Board Extension:NFC07A1' from pack STMicroelectronics.X-CUBE-NFC7.1.0.1: no header file found
2024-09-26 18:55:17,167 [WARN] ApiManager:304 - Cannot register API 'Board Extension:S2868A1' from pack STMicroelectronics.X-CUBE-SFXS2LP1.4.0.0: no header file found
2024-09-26 18:55:17,167 [WARN] ApiManager:304 - Cannot register API 'Board Extension:S2868A2' from pack STMicroelectronics.X-CUBE-SFXS2LP1.4.0.0: no header file found
2024-09-26 18:55:17,167 [WARN] ApiManager:304 - Cannot register API 'Board Extension:S2915A1' from pack STMicroelectronics.X-CUBE-SFXS2LP1.4.0.0: no header file found
2024-09-26 18:55:17,168 [WARN] ApiManager:304 - Cannot register API 'Wireless:BlueNRG-2' from pack STMicroelectronics.X-CUBE-BLE2.3.3.0: no header file found
2024-09-26 18:55:19,443 [INFO] UtilMem:74 - End LoadConfig() Used Memory: 610147528 Bytes (784334848)
2024-09-26 18:55:19,453 [WARN] ThirdParty:779 - waiting for thirdparty lock release [change project]
2024-09-26 18:55:19,454 [INFO] ThirdParty:781 - entering critical section [change project]
2024-09-26 18:55:19,454 [INFO] ThirdParty:967 - CMSIS Pack Vendor :STMicroelectronics X-CUBE-AZRTOS-H7 3.3.0
2024-09-26 18:55:19,454 [INFO] ThirdParty:967 - CMSIS Pack Vendor :STMicroelectronics X-CUBE-GNSS1 6.0.0
2024-09-26 18:55:19,454 [INFO] ThirdParty:967 - CMSIS Pack Vendor :STMicroelectronics USB_HOST 2.0.0
2024-09-26 18:55:19,454 [INFO] ThirdParty:967 - CMSIS Pack Vendor :STMicroelectronics X-CUBE-AZRTOS-F4 1.1.0
2024-09-26 18:55:19,454 [INFO] ThirdParty:967 - CMSIS Pack Vendor :STMicroelectronics USB_DEVICE 3.0.0
2024-09-26 18:55:19,454 [INFO] ThirdParty:967 - CMSIS Pack Vendor :STMicroelectronics X-CUBE-AZRTOS-WB 2.0.0
2024-09-26 18:55:19,454 [INFO] ThirdParty:967 - CMSIS Pack Vendor :STMicroelectronics X-CUBE-GNSS1 7.0.0
2024-09-26 18:55:19,454 [INFO] ThirdParty:967 - CMSIS Pack Vendor :STMicroelectronics X-CUBE-AZRTOS-F7 1.1.0
2024-09-26 18:55:19,454 [INFO] ThirdParty:967 - CMSIS Pack Vendor :STMicroelectronics X-CUBE-AZRTOS-L5 2.0.0
2024-09-26 18:55:19,454 [INFO] ThirdParty:967 - CMSIS Pack Vendor :STMicroelectronics USB_DEVICE 2.0.0
2024-09-26 18:55:19,454 [INFO] ThirdParty:967 - CMSIS Pack Vendor :STMicroelectronics X-CUBE-NFC6 3.1.0
2024-09-26 18:55:19,454 [INFO] ThirdParty:967 - CMSIS Pack Vendor :STMicroelectronics X-CUBE-MEMS1 11.0.0
2024-09-26 18:55:19,454 [INFO] ThirdParty:967 - CMSIS Pack Vendor :STMicroelectronics FreeRTOS 0.0.1
2024-09-26 18:55:19,454 [INFO] ThirdParty:967 - CMSIS Pack Vendor :STMicroelectronics X-CUBE-AZRTOS-G0 1.1.0
2024-09-26 18:55:19,454 [INFO] ThirdParty:967 - CMSIS Pack Vendor :STMicroelectronics X-CUBE-SAFEA1 1.2.2
2024-09-26 18:55:19,454 [INFO] ThirdParty:967 - CMSIS Pack Vendor :STMicroelectronics X-CUBE-NFC4 3.0.0
2024-09-26 18:55:19,455 [INFO] ThirdParty:967 - CMSIS Pack Vendor :STMicroelectronics X-CUBE-SUBG2 5.0.0
2024-09-26 18:55:19,455 [INFO] ThirdParty:967 - CMSIS Pack Vendor :STMicroelectronics lwIP 2.0.3
2024-09-26 18:55:19,455 [INFO] ThirdParty:967 - CMSIS Pack Vendor :STMicroelectronics USB_HOST 1.0.0
2024-09-26 18:55:19,455 [INFO] ThirdParty:967 - CMSIS Pack Vendor :STMicroelectronics X-CUBE-AI 9.0.0
2024-09-26 18:55:19,455 [INFO] ThirdParty:967 - CMSIS Pack Vendor :STMicroelectronics X-CUBE-AZRTOS-G4 2.0.0
2024-09-26 18:55:19,455 [INFO] ThirdParty:967 - CMSIS Pack Vendor :STMicroelectronics PDM2PCM 3.1.0
2024-09-26 18:55:19,455 [INFO] ThirdParty:967 - CMSIS Pack Vendor :STMicroelectronics PDM2PCM 3.3.0
2024-09-26 18:55:19,455 [INFO] ThirdParty:967 - CMSIS Pack Vendor :STMicroelectronics X-CUBE-BLE1 7.0.0
2024-09-26 18:55:19,455 [INFO] ThirdParty:967 - CMSIS Pack Vendor :STMicroelectronics FP-ATR-SIGFOX1 3.2.0
2024-09-26 18:55:19,455 [INFO] ThirdParty:967 - CMSIS Pack Vendor :wolfSSL I-CUBE-wolfSSL 5.7.2
2024-09-26 18:55:19,455 [INFO] ThirdParty:967 - CMSIS Pack Vendor :STMicroelectronics X-CUBE-ISPU 2.0.0
2024-09-26 18:55:19,455 [INFO] ThirdParty:967 - CMSIS Pack Vendor :STMicroelectronics X-CUBE-EEPRMA1 5.1.0
2024-09-26 18:55:19,455 [INFO] ThirdParty:967 - CMSIS Pack Vendor :STMicroelectronics HAL Drivers 0.0.0
2024-09-26 18:55:19,455 [INFO] ThirdParty:967 - CMSIS Pack Vendor :STMicroelectronics MBEDTLS 2.16.2
2024-09-26 18:55:19,455 [INFO] ThirdParty:967 - CMSIS Pack Vendor :STMicroelectronics X-CUBE-NFC7 1.0.1
2024-09-26 18:55:19,455 [INFO] ThirdParty:967 - CMSIS Pack Vendor :STMicroelectronics MBEDTLS 2.14.1
2024-09-26 18:55:19,455 [INFO] ThirdParty:967 - CMSIS Pack Vendor :STMicroelectronics X-CUBE-TOUCHGFX 4.24.0
2024-09-26 18:55:19,455 [INFO] ThirdParty:967 - CMSIS Pack Vendor :STMicroelectronics X-CUBE-TOUCHGFX 4.24.1
2024-09-26 18:55:19,455 [INFO] ThirdParty:967 - CMSIS Pack Vendor :wolfSSL I-CUBE-wolfTPM 3.4.0
2024-09-26 18:55:19,455 [INFO] ThirdParty:967 - CMSIS Pack Vendor :portGmbH I-Cube-SoM-uGOAL 1.1.0
2024-09-26 18:55:19,455 [INFO] ThirdParty:967 - CMSIS Pack Vendor :STMicroelectronics X-CUBE-AZRTOS-WL 2.0.0
2024-09-26 18:55:19,455 [INFO] ThirdParty:967 - CMSIS Pack Vendor :SEGGER I-CUBE-embOS 1.3.1
2024-09-26 18:55:19,455 [INFO] ThirdParty:967 - CMSIS Pack Vendor :STMicroelectronics X-CUBE-ALGOBUILD 1.4.0
2024-09-26 18:55:19,456 [INFO] ThirdParty:967 - CMSIS Pack Vendor :STMicroelectronics USB_DEVICE 1.0.0
2024-09-26 18:55:19,456 [INFO] ThirdParty:967 - CMSIS Pack Vendor :STMicroelectronics X-CUBE-AZRTOS-H7RS 1.0.0
2024-09-26 18:55:19,456 [INFO] ThirdParty:967 - CMSIS Pack Vendor :wolfSSL I-CUBE-wolfMQTT 1.19.0
2024-09-26 18:55:19,456 [INFO] ThirdParty:967 - CMSIS Pack Vendor :STMicroelectronics X-CUBE-AZRTOS-L4 2.0.0
2024-09-26 18:55:19,456 [INFO] ThirdParty:967 - CMSIS Pack Vendor :STMicroelectronics ThreadX 0.0.2
2024-09-26 18:55:19,456 [INFO] ThirdParty:967 - CMSIS Pack Vendor :WES I-CUBE-Cesium 1.3.0
2024-09-26 18:55:19,456 [INFO] ThirdParty:967 - CMSIS Pack Vendor :STMicroelectronics FP-ATR-ASTRA1 2.0.0
2024-09-26 18:55:19,456 [INFO] ThirdParty:967 - CMSIS Pack Vendor :STMicroelectronics lwIP 2.1.2
2024-09-26 18:55:19,456 [INFO] ThirdParty:967 - CMSIS Pack Vendor :STMicroelectronics X-CUBE-SFXS2LP1 4.0.0
2024-09-26 18:55:19,456 [INFO] ThirdParty:967 - CMSIS Pack Vendor :STMicroelectronics X-CUBE-BLE2 3.3.0
2024-09-26 18:55:19,456 [INFO] ThirdParty:967 - CMSIS Pack Vendor :STMicroelectronics PDM2PCM 3.2.0
2024-09-26 18:55:19,456 [INFO] ThirdParty:967 - CMSIS Pack Vendor :wolfSSL I-CUBE-wolfSSH 1.4.17
2024-09-26 18:55:19,456 [INFO] ThirdParty:787 - exiting critical section [change project]
2024-09-26 18:55:19,866 [INFO] PinOutPanel:1463 - setPackage(No Configuration,No Configuration)
2024-09-26 18:55:19,869 [INFO] PinOutPanel:1463 - setPackage(STM32F103C6Ux,UFQFPN48)
2024-09-26 18:55:20,444 [INFO] UtilMem:74 - Before build in PCC Used Memory: 620076616 Bytes (784334848)
2024-09-26 18:55:21,219 [INFO] UtilMem:74 - After build in PCC Used Memory: 601247712 Bytes (784334848)
2024-09-26 18:55:21,250 [INFO] IPUIPlugin:74 - create IPUIPlugin
2024-09-26 18:55:21,251 [INFO] IPUIPlugin:74 - create IPUIPlugin
2024-09-26 18:55:21,251 [INFO] IPUIPlugin:74 - create IPUIPlugin
2024-09-26 18:55:21,251 [INFO] IPUIPlugin:74 - create IPUIPlugin
2024-09-26 18:55:21,251 [INFO] IPUIPlugin:74 - create IPUIPlugin
2024-09-26 18:55:21,252 [INFO] IPUIPlugin:74 - create IPUIPlugin
2024-09-26 18:55:21,252 [INFO] IPUIPlugin:74 - create IPUIPlugin
2024-09-26 18:55:21,252 [INFO] IPUIPlugin:74 - create IPUIPlugin
2024-09-26 18:55:21,252 [INFO] IPUIPlugin:74 - create IPUIPlugin
2024-09-26 18:55:21,252 [INFO] IPUIPlugin:74 - create IPUIPlugin
2024-09-26 18:55:21,253 [INFO] IPUIPlugin:74 - create IPUIPlugin
2024-09-26 18:55:21,253 [INFO] IPUIPlugin:74 - create IPUIPlugin
2024-09-26 18:55:21,253 [INFO] IPUIPlugin:74 - create IPUIPlugin
2024-09-26 18:55:21,253 [INFO] IPUIPlugin:74 - create IPUIPlugin
2024-09-26 18:55:21,254 [INFO] IPUIPlugin:74 - create IPUIPlugin
2024-09-26 18:55:21,254 [INFO] IPUIPlugin:74 - create IPUIPlugin
2024-09-26 18:55:21,254 [INFO] IPUIPlugin:74 - create IPUIPlugin
2024-09-26 18:55:21,254 [INFO] IPUIPlugin:74 - create IPUIPlugin
2024-09-26 18:55:21,255 [INFO] IPUIPlugin:74 - create IPUIPlugin
2024-09-26 18:55:21,255 [INFO] IPUIPlugin:74 - create IPUIPlugin
2024-09-26 18:55:21,255 [INFO] IPUIPlugin:74 - create IPUIPlugin
2024-09-26 18:55:21,256 [INFO] IPUIPlugin:74 - create IPUIPlugin
2024-09-26 18:55:21,257 [INFO] IPUIPlugin:74 - create IPUIPlugin
2024-09-26 18:55:21,394 [INFO] OpenFileManager:333 - Restore cursor
2024-09-26 18:55:21,681 [INFO] UtilMem:74 - End SaveConfig() Used Memory: 671250688 Bytes (784334848)
2024-09-26 18:55:21,759 [INFO] UtilMem:74 - End SaveConfig() Used Memory: 588253184 Bytes (784334848)
2024-09-26 18:55:22,123 [INFO] BlockDiagram:2740 - set Specific Code input for plugin: NVIC
2024-09-26 18:55:22,123 [INFO] BlockDiagram:2740 - set Specific Code input for plugin: SYS
2024-09-26 18:55:22,123 [INFO] BlockDiagram:2740 - set Specific Code input for plugin: RCC
2024-09-26 18:55:22,124 [INFO] CodeGenerator:663 - code generatio: config db path: C:\ST\STM32CubeIDE_1.7.0\STM32CubeIDE\plugins\com.st.stm32cube.common.mx_6.3.0.202107141111\\db\
2024-09-26 18:55:22,843 [INFO] CodeEngine:239 - oldGeneratedFile, D:\VXL\GIT_STM32_LAB2\lab2_src\MXTmpFiles\license.tmp_save
2024-09-26 18:55:23,615 [INFO] CodeEngine:257 - Generated code: D:\VXL\GIT_STM32_LAB2\lab2_src\MXTmpFiles\license.tmp
2024-09-26 18:55:24,082 [INFO] CodeEngine:239 - oldGeneratedFile, D:\VXL\GIT_STM32_LAB2\lab2_src\Core\Src\stm32f1xx_it.c_save
2024-09-26 18:55:24,411 [INFO] CodeEngine:257 - Generated code: D:\VXL\GIT_STM32_LAB2\lab2_src\Core\Src\stm32f1xx_it.c
2024-09-26 18:55:24,431 [INFO] CodeEngine:239 - oldGeneratedFile, D:\VXL\GIT_STM32_LAB2\lab2_src\Core\Inc\stm32f1xx_it.h_save
2024-09-26 18:55:24,590 [INFO] CodeEngine:257 - Generated code: D:\VXL\GIT_STM32_LAB2\lab2_src\Core\Inc\stm32f1xx_it.h
2024-09-26 18:55:24,638 [INFO] CodeEngine:239 - oldGeneratedFile, D:\VXL\GIT_STM32_LAB2\lab2_src\Core\Src\stm32f1xx_hal_msp.c_save
2024-09-26 18:55:24,849 [INFO] CodeEngine:257 - Generated code: D:\VXL\GIT_STM32_LAB2\lab2_src\Core\Src\stm32f1xx_hal_msp.c
2024-09-26 18:55:24,875 [INFO] CodeEngine:239 - oldGeneratedFile, D:\VXL\GIT_STM32_LAB2\lab2_src\MXTmpFiles\system.tmp_save
2024-09-26 18:55:24,997 [INFO] CodeEngine:257 - Generated code: D:\VXL\GIT_STM32_LAB2\lab2_src\MXTmpFiles\system.tmp
2024-09-26 18:55:25,022 [INFO] CodeEngine:239 - oldGeneratedFile, D:\VXL\GIT_STM32_LAB2\lab2_src\Core\Inc\stm32f1xx_hal_conf.h_save
2024-09-26 18:55:25,198 [INFO] CodeEngine:257 - Generated code: D:\VXL\GIT_STM32_LAB2\lab2_src\Core\Inc\stm32f1xx_hal_conf.h
2024-09-26 18:55:25,296 [INFO] CodeEngine:239 - oldGeneratedFile, D:\VXL\GIT_STM32_LAB2\lab2_src\Core\Inc\main.h_save
2024-09-26 18:55:25,480 [INFO] CodeEngine:257 - Generated code: D:\VXL\GIT_STM32_LAB2\lab2_src\Core\Inc\main.h
2024-09-26 18:55:25,507 [INFO] CodeEngine:239 - oldGeneratedFile, D:\VXL\GIT_STM32_LAB2\lab2_src\Core\Src\main.c_save
2024-09-26 18:55:25,844 [INFO] CodeEngine:257 - Generated code: D:\VXL\GIT_STM32_LAB2\lab2_src\Core\Src\main.c
2024-09-26 18:55:27,665 [INFO] ProjectBuilder:2578 - Time for Copy HAL[1] : 93mS.
2024-09-26 18:55:27,672 [INFO] ProjectBuilder:3622 - Project Generator version: 3.14.1
2024-09-26 18:55:28,582 [INFO] ConfigFileManager:1271 - The Die is : DIE412
2024-09-26 18:55:28,639 [INFO] ApiDbMcu:468 - Load IP Config File for FATFS
2024-09-26 18:55:28,712 [INFO] ApiDbMcu:468 - Load IP Config File for FREERTOS
2024-09-26 18:55:28,764 [INFO] ApiDbMcu:468 - Load IP Config File for USB_DEVICE
2024-09-26 18:55:37,680 [INFO] ProjectBuilder:3789 - Time for Generating toolchain IDE Files: 10008mS.
2024-09-26 18:55:37,681 [INFO] ProjectBuilder:2457 - Time for Copy CMSIS : 1mS.
2024-09-26 18:55:37,681 [INFO] ProjectBuilder:2457 - Time for Copy CMSIS : 0mS.
2024-09-26 18:55:38,847 [INFO] McuFinderGlobals:52 - Set McuFinderConnectedMode to true
2024-09-26 18:55:38,849 [INFO] ApiDb:276 - Save user favorites file C:\Users\Welcome/.stm32cubeide/favorites.mcus.txt: 0 item(s)
2024-09-26 18:55:38,849 [INFO] ApiDb:280 - User favorites MCUs=[]
2024-09-26 18:56:22,675 [INFO] UtilMem:74 - End SaveConfig() Used Memory: 758579992 Bytes (1073741824)
2024-09-26 18:56:23,924 [INFO] UtilMem:74 - End SaveConfig() Used Memory: 844036024 Bytes (1073741824)
2024-09-26 18:56:27,300 [INFO] UtilMem:74 - End SaveConfig() Used Memory: 924392760 Bytes (1073741824)
2024-09-26 18:56:28,063 [INFO] BlockDiagram:2740 - set Specific Code input for plugin: NVIC
2024-09-26 18:56:28,064 [INFO] BlockDiagram:2740 - set Specific Code input for plugin: SYS
2024-09-26 18:56:28,064 [INFO] BlockDiagram:2740 - set Specific Code input for plugin: GPIO
2024-09-26 18:56:28,064 [INFO] BlockDiagram:2740 - set Specific Code input for plugin: RCC
2024-09-26 18:56:28,064 [INFO] BlockDiagram:2740 - set Specific Code input for plugin: TIM1_8F1
2024-09-26 18:56:28,065 [INFO] CodeGenerator:663 - code generatio: config db path: C:\ST\STM32CubeIDE_1.7.0\STM32CubeIDE\plugins\com.st.stm32cube.common.mx_6.3.0.202107141111\\db\
2024-09-26 18:56:29,337 [INFO] CodeEngine:239 - oldGeneratedFile, D:\VXL\GIT_STM32_LAB2\lab2_src\MXTmpFiles\license.tmp_save
2024-09-26 18:56:29,536 [INFO] CodeEngine:257 - Generated code: D:\VXL\GIT_STM32_LAB2\lab2_src\MXTmpFiles\license.tmp
2024-09-26 18:56:29,574 [INFO] CodeEngine:239 - oldGeneratedFile, D:\VXL\GIT_STM32_LAB2\lab2_src\MXTmpFiles\gpio.tmp_save
2024-09-26 18:56:29,918 [INFO] CodeEngine:257 - Generated code: D:\VXL\GIT_STM32_LAB2\lab2_src\MXTmpFiles\gpio.tmp
2024-09-26 18:56:30,165 [INFO] CodeEngine:239 - oldGeneratedFile, D:\VXL\GIT_STM32_LAB2\lab2_src\Core\Src\stm32f1xx_it.c_save
2024-09-26 18:56:30,338 [INFO] CodeEngine:257 - Generated code: D:\VXL\GIT_STM32_LAB2\lab2_src\Core\Src\stm32f1xx_it.c
2024-09-26 18:56:30,343 [INFO] CodeEngine:239 - oldGeneratedFile, D:\VXL\GIT_STM32_LAB2\lab2_src\Core\Inc\stm32f1xx_it.h_save
2024-09-26 18:56:30,490 [INFO] CodeEngine:257 - Generated code: D:\VXL\GIT_STM32_LAB2\lab2_src\Core\Inc\stm32f1xx_it.h
2024-09-26 18:56:30,516 [INFO] CodeEngine:239 - oldGeneratedFile, D:\VXL\GIT_STM32_LAB2\lab2_src\Core\Src\stm32f1xx_hal_msp.c_save
2024-09-26 18:56:30,701 [INFO] CodeEngine:257 - Generated code: D:\VXL\GIT_STM32_LAB2\lab2_src\Core\Src\stm32f1xx_hal_msp.c
2024-09-26 18:56:30,704 [INFO] CodeEngine:239 - oldGeneratedFile, D:\VXL\GIT_STM32_LAB2\lab2_src\MXTmpFiles\system.tmp_save
2024-09-26 18:56:30,799 [INFO] CodeEngine:257 - Generated code: D:\VXL\GIT_STM32_LAB2\lab2_src\MXTmpFiles\system.tmp
2024-09-26 18:56:30,860 [INFO] CodeEngine:239 - oldGeneratedFile, D:\VXL\GIT_STM32_LAB2\lab2_src\Core\Inc\stm32f1xx_hal_conf.h_save
2024-09-26 18:56:31,002 [INFO] CodeEngine:257 - Generated code: D:\VXL\GIT_STM32_LAB2\lab2_src\Core\Inc\stm32f1xx_hal_conf.h
2024-09-26 18:56:31,043 [WARN] IPConfigManager:3148 - IP not found : TIM
2024-09-26 18:56:31,044 [WARN] CodeGenerator:3268 - IP not found : null
2024-09-26 18:56:31,061 [INFO] CodeEngine:239 - oldGeneratedFile, D:\VXL\GIT_STM32_LAB2\lab2_src\Core\Inc\main.h_save
2024-09-26 18:56:31,175 [INFO] CodeEngine:257 - Generated code: D:\VXL\GIT_STM32_LAB2\lab2_src\Core\Inc\main.h
2024-09-26 18:56:31,189 [INFO] CodeEngine:239 - oldGeneratedFile, D:\VXL\GIT_STM32_LAB2\lab2_src\Core\Src\main.c_save
2024-09-26 18:56:31,377 [INFO] CodeEngine:257 - Generated code: D:\VXL\GIT_STM32_LAB2\lab2_src\Core\Src\main.c
2024-09-26 18:56:32,844 [INFO] ProjectBuilder:2578 - Time for Copy HAL[1] : 153mS.
2024-09-26 18:56:32,867 [INFO] ProjectBuilder:3622 - Project Generator version: 3.14.1
2024-09-26 18:56:34,938 [INFO] ConfigFileManager:1271 - The Die is : DIE412
2024-09-26 18:56:42,362 [INFO] ProjectBuilder:3789 - Time for Generating toolchain IDE Files: 9495mS.
2024-09-26 18:56:42,363 [INFO] ProjectBuilder:2457 - Time for Copy CMSIS : 0mS.
2024-09-26 18:56:42,364 [INFO] ProjectBuilder:2457 - Time for Copy CMSIS : 0mS.
2024-09-26 19:00:29,269 [INFO] NvicIntPanel:96 - NVIC parent = com.st.microxplorer.plugins.ip.nvic.MultiNvicIntPanel[,0,0,450x155,layout=javax.swing.BoxLayout,alignmentX=0.0,alignmentY=0.0,border=,flags=9,maximumSize=,minimumSize=,preferredSize=]
2024-09-26 19:00:37,393 [INFO] UtilMem:74 - End SaveConfig() Used Memory: 938755632 Bytes (1073741824)
2024-09-26 19:00:38,219 [INFO] UtilMem:74 - End SaveConfig() Used Memory: 891016216 Bytes (1073741824)
2024-09-26 19:00:39,036 [INFO] UtilMem:74 - End SaveConfig() Used Memory: 931148368 Bytes (1073741824)
2024-09-26 19:00:39,416 [INFO] BlockDiagram:2740 - set Specific Code input for plugin: NVIC
2024-09-26 19:00:39,416 [INFO] BlockDiagram:2740 - set Specific Code input for plugin: SYS
2024-09-26 19:00:39,416 [INFO] BlockDiagram:2740 - set Specific Code input for plugin: GPIO
2024-09-26 19:00:39,416 [INFO] BlockDiagram:2740 - set Specific Code input for plugin: RCC
2024-09-26 19:00:39,416 [INFO] BlockDiagram:2740 - set Specific Code input for plugin: TIM1_8F1
2024-09-26 19:00:39,417 [INFO] CodeGenerator:663 - code generatio: config db path: C:\ST\STM32CubeIDE_1.7.0\STM32CubeIDE\plugins\com.st.stm32cube.common.mx_6.3.0.202107141111\\db\
2024-09-26 19:00:39,725 [INFO] CodeEngine:239 - oldGeneratedFile, D:\VXL\GIT_STM32_LAB2\lab2_src\MXTmpFiles\license.tmp_save
2024-09-26 19:00:39,777 [INFO] CodeEngine:257 - Generated code: D:\VXL\GIT_STM32_LAB2\lab2_src\MXTmpFiles\license.tmp
2024-09-26 19:00:39,783 [INFO] CodeEngine:239 - oldGeneratedFile, D:\VXL\GIT_STM32_LAB2\lab2_src\MXTmpFiles\gpio.tmp_save
2024-09-26 19:00:39,925 [INFO] CodeEngine:257 - Generated code: D:\VXL\GIT_STM32_LAB2\lab2_src\MXTmpFiles\gpio.tmp
2024-09-26 19:00:39,979 [INFO] CodeEngine:239 - oldGeneratedFile, D:\VXL\GIT_STM32_LAB2\lab2_src\Core\Src\stm32f1xx_it.c_save
2024-09-26 19:00:40,121 [INFO] CodeEngine:257 - Generated code: D:\VXL\GIT_STM32_LAB2\lab2_src\Core\Src\stm32f1xx_it.c
2024-09-26 19:00:40,125 [INFO] CodeEngine:239 - oldGeneratedFile, D:\VXL\GIT_STM32_LAB2\lab2_src\Core\Inc\stm32f1xx_it.h_save
2024-09-26 19:00:40,205 [INFO] CodeEngine:257 - Generated code: D:\VXL\GIT_STM32_LAB2\lab2_src\Core\Inc\stm32f1xx_it.h
2024-09-26 19:00:40,238 [INFO] CodeEngine:239 - oldGeneratedFile, D:\VXL\GIT_STM32_LAB2\lab2_src\Core\Src\stm32f1xx_hal_msp.c_save
2024-09-26 19:00:40,388 [INFO] CodeEngine:257 - Generated code: D:\VXL\GIT_STM32_LAB2\lab2_src\Core\Src\stm32f1xx_hal_msp.c
2024-09-26 19:00:40,389 [INFO] CodeEngine:239 - oldGeneratedFile, D:\VXL\GIT_STM32_LAB2\lab2_src\MXTmpFiles\system.tmp_save
2024-09-26 19:00:40,443 [INFO] CodeEngine:257 - Generated code: D:\VXL\GIT_STM32_LAB2\lab2_src\MXTmpFiles\system.tmp
2024-09-26 19:00:40,489 [INFO] CodeEngine:239 - oldGeneratedFile, D:\VXL\GIT_STM32_LAB2\lab2_src\Core\Inc\stm32f1xx_hal_conf.h_save
2024-09-26 19:00:40,586 [INFO] CodeEngine:257 - Generated code: D:\VXL\GIT_STM32_LAB2\lab2_src\Core\Inc\stm32f1xx_hal_conf.h
2024-09-26 19:00:40,602 [WARN] IPConfigManager:3148 - IP not found : TIM
2024-09-26 19:00:40,603 [WARN] CodeGenerator:3268 - IP not found : null
2024-09-26 19:00:40,620 [INFO] CodeEngine:239 - oldGeneratedFile, D:\VXL\GIT_STM32_LAB2\lab2_src\Core\Inc\main.h_save
2024-09-26 19:00:40,709 [INFO] CodeEngine:257 - Generated code: D:\VXL\GIT_STM32_LAB2\lab2_src\Core\Inc\main.h
2024-09-26 19:00:40,721 [INFO] CodeEngine:239 - oldGeneratedFile, D:\VXL\GIT_STM32_LAB2\lab2_src\Core\Src\main.c_save
2024-09-26 19:00:40,841 [INFO] CodeEngine:257 - Generated code: D:\VXL\GIT_STM32_LAB2\lab2_src\Core\Src\main.c
2024-09-26 19:00:42,316 [INFO] ProjectBuilder:2578 - Time for Copy HAL[1] : 45mS.
2024-09-26 19:00:42,319 [INFO] ProjectBuilder:3622 - Project Generator version: 3.14.1
2024-09-26 19:00:43,409 [INFO] ConfigFileManager:1271 - The Die is : DIE412
2024-09-26 19:00:45,979 [INFO] ProjectBuilder:3789 - Time for Generating toolchain IDE Files: 3660mS.
2024-09-26 19:00:45,979 [INFO] ProjectBuilder:2457 - Time for Copy CMSIS : 0mS.
2024-09-26 19:00:45,981 [INFO] ProjectBuilder:2457 - Time for Copy CMSIS : 1mS.
